C51 COMPILER V9.52.0.0   TIMER01CHEDO1DIEUKHIENLED                                         03/03/2022 19:24:15 PAGE 1   


C51 COMPILER V9.52.0.0, COMPILATION OF MODULE TIMER01CHEDO1DIEUKHIENLED
OBJECT MODULE PLACED IN timer01CheDo1DieuKhienLed.OBJ
COMPILER INVOKED BY: C:\Keil\C51\BIN\C51.EXE timer01CheDo1DieuKhienLed.c BROWSE DEBUG OBJECTEXTEND TABS(2)

line level    source

   1          //LE MINH HUU 3/3/2022
   2          //================================================
   3          #include <REGX52.H>
   4          
   5          sbit led = P2^0;
   6          
   7          void delay(int time){
   8   1        while(time--);
   9   1      }
  10          
  11          //TIMER 0 CHE DO 1 5ms
  12          
  13          //THACH ANH TAN SO 11.0592  t = 1.085
  14          //cd 1 la 16 bit 
  15          //5ms = 5000us => n = 5000 / 1.085 = 4608
  16          //65 536 - 4608 = 60 928 ==> ee00 hex
  17          ////ham tre 5ms
  18          void delay11t0(){
  19   1        TMOD = 0x01;  // 0000 0001 timer 0 che do 1
  20   1        TH0 = 0xee;
  21   1        TL0 = 0x00;
  22   1        TR0 = 1;
  23   1        while(!TF0);
  24   1        TR0 = 0;
  25   1        TF0 = 0;
  26   1      }
  27          
  28          
  29          //THACH ANH TAN SO 12 t = 1
  30          //cd 1 la 16 bit 
  31          //5ms = 5000us => n = 5000 / 1 = 50000
  32          //65 536 - 5000 = 65 036 ==> fe0c hex
  33          ////ham tre 5ms
  34          void delay12t0(){
  35   1        TMOD = 0x01;  // 0000 0001 timer 0 che do 1
  36   1        TH0 = 0xfe;
  37   1        TL0 = 0x0c;
  38   1        TR0 = 1;
  39   1        while(!TF0);
  40   1        TR0 = 0;
  41   1        TF0 = 0;
  42   1      }
  43          
  44          //THACH ANH TAN SO 20 -->  T = 20/12 = 1.6667
  45          //cd 1 la 16 bit 
  46          //5ms = 5000us => n = 5000 / 0.667 = 8333
  47          //65 536 - 8333 = 57 203 ==> df73 hex
  48          ////ham tre 5ms
  49          void delay20t0(){
  50   1        TMOD = 0x01;  // 0000 0001 timer 0 che do 1
  51   1        TH0 = 0xdf;
  52   1        TL0 = 0x73;
  53   1        TR0 = 1;
  54   1        while(!TF0);
  55   1        TR0 = 0;
C51 COMPILER V9.52.0.0   TIMER01CHEDO1DIEUKHIENLED                                         03/03/2022 19:24:15 PAGE 2   

  56   1        TF0 = 0;
  57   1      }
  58          
  59          //=================================================
  60          //TIMER 1 CHE DO 1 5ms
  61          //THACH ANH TAN SO 11.0592  t = 1.085
  62          //cd 1 la 16 bit 
  63          //5ms = 5000us => n = 5000 / 1.085 = 4608
  64          //65 536 - 4608 = 60 928 ==> ee00 hex
  65          ////ham tre 5ms
  66          void delay11t1(){
  67   1        TMOD = 0x10;  // 0001 0000 timer 1 che do 1
  68   1        TH1 = 0xee;
  69   1        TL1 = 0x00;
  70   1        TR1 = 1;
  71   1        while(!TF1);
  72   1        TR1 = 0;
  73   1        TF1 = 0;
  74   1      }
  75          
  76          //THACH ANH TAN SO 12 t = 1
  77          //cd 1 la 16 bit 
  78          //5ms = 5000us => n = 5000 / 1 = 50000
  79          //65 536 - 5000 = 65 036 ==> fe0c hex
  80          ////ham tre 5ms
  81          void delay12t1(){
  82   1        TMOD = 0x10;  // 0001 0000  timer 1 che do 1
  83   1        TH1 = 0xfe;
  84   1        TL1 = 0x0c;
  85   1        TR1 = 1;
  86   1        while(!TF1);
  87   1        TR1 = 0;
  88   1        TF1 = 0;
  89   1      }
  90          
  91          //THACH ANH TAN SO 20 -->  T = 20/12 = 1.6667
  92          //cd 1 la 16 bit 
  93          //5ms = 5000us => n = 5000 / 0.667 = 8333
  94          //65 536 - 8333 = 57203 ==> df73 hex
  95          ////ham tre 5ms
  96          void delay20t1(){
  97   1        TMOD = 0x01;  // 0001 0000  timer 1 che do 1
  98   1        TH1 = 0xdf;
  99   1        TL1 = 0x73;
 100   1        TR1 = 1;
 101   1        while(!TF1);
 102   1        TR1 = 0;
 103   1        TF1 = 0;
 104   1      }
 105          
 106          void main(){
 107   1        led = 1;
 108   1        while(1){
 109   2            led = ~led;
 110   2        //  delay(1000);
 111   2          //delay11t0();
 112   2          //delay12t0();
 113   2        //  delay20t0();
 114   2          delay11t1();
 115   2        //delay12t1();
 116   2          //delay20t1();
 117   2        }
C51 COMPILER V9.52.0.0   TIMER01CHEDO1DIEUKHIENLED                                         03/03/2022 19:24:15 PAGE 3   

 118   1      }


MODULE INFORMATION:   STATIC OVERLAYABLE
   CODE SIZE        =    134    ----
   CONSTANT SIZE    =   ----    ----
   XDATA SIZE       =   ----    ----
   PDATA SIZE       =   ----    ----
   DATA SIZE        =   ----    ----
   IDATA SIZE       =   ----    ----
   BIT SIZE         =   ----    ----
END OF MODULE INFORMATION.


C51 COMPILATION COMPLETE.  0 WARNING(S),  0 ERROR(S)
