C51 COMPILER V9.52.0.0   NHANTINHIEUGIAOTIEPUART                                           04/01/2022 08:54:21 PAGE 1   


C51 COMPILER V9.52.0.0, COMPILATION OF MODULE NHANTINHIEUGIAOTIEPUART
OBJECT MODULE PLACED IN nhanTInHieuGiaoTiepUART.OBJ
COMPILER INVOKED BY: C:\Keil\C51\BIN\C51.EXE nhanTInHieuGiaoTiepUART.c BROWSE DEBUG OBJECTEXTEND TABS(2)

line level    source

   1          #include <REGX52.H>
   2          
   3          char kytu;
   4          
   5          void initUART(){
   6   1        TMOD = 0x20;  //timer 1 che do 2
   7   1        TH1 = 0xfd; //baud = 9600
   8   1        TL1 = 0xfd;
   9   1        TR1 = 1;
  10   1        SCON = 0x50;  // 0 1 0 1 0000 SM0 = 0, SM1 = 1, REN = 1;
  11   1        //TI = 1;
  12   1      }
  13          
  14          void uartWrite(char a){
  15   1        while(TI == 0){}
  16   1          TI = 0;
  17   1          SBUF = a;
  18   1      }
  19          
  20          char uartRead(){
  21   1        RI = 0;
  22   1        return SBUF;
  23   1      }
  24          
  25          void uartWriteText(unsigned char * str){
  26   1        while(*str){
  27   2            uartWrite(str);
*** WARNING C214 IN LINE 27 OF nhanTInHieuGiaoTiepUART.c: 'Argument': conversion: pointer to non-pointer
  28   2          str++;
  29   2        }
  30   1      }
  31          
  32          void main(){
  33   1        initUART();
  34   1        P1 = 0xff;  //cho port 1 = 1 het
  35   1        kytu = uartRead();
  36   1        while(1){
  37   2          if(RI == 1){
  38   3            
  39   3            if(uartRead() == 'x') P1_0 = 0;
  40   3            if(uartRead() == 'y') P1_0 = 1;
  41   3            if(uartRead() == 'z') P1_1 = 0;
  42   3            if(uartRead() == 't') P1_1 = 1;
  43   3            if(uartRead() == 'a') { P1_0 = 0; P1_1 = 0;}
  44   3            
  45   3          }
  46   2        }
  47   1      }


MODULE INFORMATION:   STATIC OVERLAYABLE
   CODE SIZE        =    106    ----
   CONSTANT SIZE    =   ----    ----
   XDATA SIZE       =   ----    ----
   PDATA SIZE       =   ----    ----
C51 COMPILER V9.52.0.0   NHANTINHIEUGIAOTIEPUART                                           04/01/2022 08:54:21 PAGE 2   

   DATA SIZE        =      1    ----
   IDATA SIZE       =   ----    ----
   BIT SIZE         =   ----    ----
END OF MODULE INFORMATION.


C51 COMPILATION COMPLETE.  1 WARNING(S),  0 ERROR(S)
