C51 COMPILER V9.52.0.0   LAPTRINHDIEUKHIEN8LEDDON                                          02/09/2022 16:07:41 PAGE 1   


C51 COMPILER V9.52.0.0, COMPILATION OF MODULE LAPTRINHDIEUKHIEN8LEDDON
OBJECT MODULE PLACED IN lapTrinhDieuKhien8LedDon.OBJ
COMPILER INVOKED BY: C:\Keil\C51\BIN\C51.EXE lapTrinhDieuKhien8LedDon.c BROWSE DEBUG OBJECTEXTEND TABS(2)

line level    source

   1          //POWER BY  LE MINH HUU - 17/1/2022
   2          //DIEU KHIEN LED DON 
   3          #include <REGX52.H>
   4          
   5          sbit Led1 = P2^0;
   6          sbit Led2 = P2^1;
   7          sbit Led3 = P2^2;
   8          sbit Led4 = P2^3;
   9          sbit Led5 = P2^4;
  10          sbit Led6 = P2^5;
  11          sbit Led7 = P2^6;
  12          sbit Led8 = P2^7;
  13          
  14          //sbit led[] = {Led1, Led2, Led3, Led4,  Led5, Led6,  Led7, Led8};
  15          char ledd[] = {0xfe, 0xfd, 0xfb, 0xf7, 0xef, 0xfd, 0xbf, 0x7f};//tung led sang lan luot tu chan 0 den 7 
  16          //            Led1, Led2, Led3, Led4,  Led5, Led6,  Led7, Led8 = 0
  17            
  18          
  19          void delay(int time){
  20   1        while(time--);
  21   1      }
  22          
  23          void blinkLedChanLe(int lan){
  24   1        int i;
  25   1        int j;
  26   1        for(i = 0; i < lan; i++){//so lan
  27   2          for(j = 0; j < 8; j++){ //chay tu chan 0 den chan 7
  28   3            if(j % 2 == 0){ //nhung led chan sang
  29   4              P2 = ledd[j];  delay(15000);
  30   4            }
  31   3          }
  32   2              //POWER BY  LE MINH HUU - 17/1/2022
  33   2      
  34   2          for(j = 0; j < 8; j++){ //chay tu chan 0 den chan 7
  35   3            if(j % 2 == 1){ //nhung led le sang
  36   4              P2 = ledd[j];  delay(15000);
  37   4            }
  38   3          }
  39   2        }
  40   1      }
  41          
  42          void sangTraiPhaiBlink(int lan){
  43   1        int i;
  44   1        for(i = 0; i < lan; i++){
  45   2          Led1 = 0; delay(10000); Led1 = 1; delay(10000); 
  46   2          Led2 = 0; delay(10000); Led2 = 1; delay(10000); 
  47   2          Led3 = 0; delay(10000); Led3 = 1; delay(10000); 
  48   2          Led4 = 0; delay(10000); Led4 = 1; delay(10000); 
  49   2          Led5 = 0; delay(10000); Led5 = 1; delay(10000); 
  50   2          Led6 = 0; delay(10000); Led6 = 1; delay(10000); 
  51   2          Led7 = 0; delay(10000); Led7 = 1; delay(10000); 
  52   2          Led8 = 0; delay(10000); Led8 = 1; delay(10000); 
  53   2        }
  54   1      }
  55          
C51 COMPILER V9.52.0.0   LAPTRINHDIEUKHIEN8LEDDON                                          02/09/2022 16:07:41 PAGE 2   

  56          void phaiSangTraiBlink(int lan){
  57   1        int i;
  58   1        for(i = 0; i < lan; i++){
  59   2          Led8 = 0; delay(10000); Led8 = 1; delay(10000); 
  60   2          Led7 = 0; delay(10000); Led7 = 1; delay(10000); 
  61   2          Led6 = 0; delay(10000); Led6 = 1; delay(10000); 
  62   2          Led5 = 0; delay(10000); Led5 = 1; delay(10000); 
  63   2          Led4 = 0; delay(10000); Led4 = 1; delay(10000); 
  64   2          Led3 = 0; delay(10000); Led3 = 1; delay(10000); 
  65   2          Led2 = 0; delay(10000); Led2 = 1; delay(10000); 
  66   2          Led1 = 0; delay(10000); Led1 = 1; delay(10000); 
  67   2        }
  68   1      }
  69          
  70          void blink(int lan){
  71   1        int i;
  72   1        for(i = 0; i < lan; i++){
  73   2          Led1 = Led2 = Led3 = Led4 = Led5 = Led6 = Led7 = Led8 = 1;
  74   2          delay(10000);
  75   2          Led1 = Led2 = Led3 = Led4 = Led5 = Led6 = Led7 = Led8 = 0;
  76   2          delay(10000);
  77   2          //POWER BY  LE MINH HUU - 17/1/2022
  78   2      
  79   2        }
  80   1      }
  81          
  82          void giuaRaHaiBen(int lan){
  83   1        int i;
  84   1        for(i = 0; i < lan; i++){
  85   2          //giu sang
  86   2          P2 = 0xe7; delay(15000);
  87   2          P2 = 0xc3; delay(15000);
  88   2          P2 = 0x81; delay(15000);
  89   2          P2 = 0x00; delay(15000);
  90   2          //tat giua ra ngoai
  91   2          P2 = 0x18; delay(15000);
  92   2          P2 = 0x3c; delay(15000);
  93   2          P2 = 0x7e; delay(15000);
  94   2          P2 = 0xff; delay(15000);
  95   2          
  96   2          //nhay sang
  97   2          P2 = 0xe7; delay(15000);
  98   2          P2 = 0xdb; delay(15000);
  99   2          P2 = 0xbd; delay(15000);
 100   2          P2 = 0x7e; delay(15000);
 101   2          
 102   2        }
 103   1      }
 104          
 105          void haiBenVaoGiua(int lan){
 106   1        int i;
 107   1        for(i = 0; i < lan; i++){
 108   2          //giu sang
 109   2          P2 = 0x00; delay(15000);
 110   2          P2 = 0x81; delay(15000);
 111   2          P2 = 0xc3; delay(15000);
 112   2          P2 = 0xe7; delay(15000);
 113   2          //giu tat
 114   2          P2 = 0xff; delay(15000);
 115   2          P2 = 0x7e; delay(15000);
 116   2          P2 = 0x3c; delay(15000);
 117   2          P2 = 0x18; delay(15000);
C51 COMPILER V9.52.0.0   LAPTRINHDIEUKHIEN8LEDDON                                          02/09/2022 16:07:41 PAGE 3   

 118   2          
 119   2          //nhay sang
 120   2          P2 = 0x7e; delay(15000);
 121   2          P2 = 0xbd; delay(15000);
 122   2          P2 = 0xdb; delay(15000);
 123   2          P2 = 0xe7; delay(15000);
 124   2        }
 125   1      }
 126          
 127          void sangChanLe(int lan){
 128   1        int i;
 129   1        for(i = 0; i < lan; i++){
 130   2          Led2 = Led4 = Led6 = Led8 = 0;  delay(15000);
 131   2          Led2 = Led4 = Led6 = Led8 = 1;  delay(15000);
 132   2          Led2 = Led4 = Led6 = Led8 = 0;  delay(15000);
 133   2          Led1 = Led3 = Led5 = Led7 = 1;  delay(15000);
 134   2        }
 135   1      }
 136          
 137          
 138          void sangGiuTraiPhai(int lan){
 139   1        int i;
 140   1        for(i = 0; i < lan; i++){
 141   2          //ban dau cho tat het led
 142   2          Led1 = Led2 = Led3 = Led4 = Led5 = Led6 = Led7 = Led8 = 1;
 143   2          //sang dan led trai sang phai, giu led sang
 144   2          Led1 = 0; delay(20000);
 145   2          Led2 = 0; delay(20000);
 146   2          Led3 = 0; delay(20000);
 147   2          Led4 = 0; delay(20000);
 148   2          Led5 = 0; delay(20000);
 149   2          Led6 = 0; delay(20000);
 150   2          Led7 = 0; delay(20000);
 151   2          Led8 = 0; delay(20000);
 152   2          
 153   2          //POWER BY  LE MINH HUU - 17/1/2022
 154   2      
 155   2          //tat dan led trai sang phai
 156   2          Led1 = 1; delay(20000);
 157   2          Led2 = 1; delay(20000);
 158   2          Led3 = 1; delay(20000);
 159   2          Led4 = 1; delay(20000);
 160   2          Led5 = 1; delay(20000);
 161   2          Led6 = 1; delay(20000);
 162   2          Led7 = 1; delay(20000);
 163   2          Led8 = 1; delay(20000);
 164   2      
 165   2        }
 166   1      }
 167          void sangGiuPhaiTrai(int lan){
 168   1        int i;
 169   1        for(i = 0; i < lan; i++){
 170   2          Led1 = Led2 = Led3 = Led4 = Led5 = Led6 = Led7 = Led8 = 1;
 171   2          //bat dan led tu phai sang trai
 172   2          Led8 = 0; delay(20000);
 173   2          Led7 = 0; delay(20000);
 174   2          Led6 = 0; delay(20000);
 175   2          Led5 = 0; delay(20000);
 176   2          Led4 = 0; delay(20000);
 177   2          Led3 = 0; delay(20000);
 178   2          Led2 = 0; delay(20000);
 179   2          Led1 = 0; delay(20000);
C51 COMPILER V9.52.0.0   LAPTRINHDIEUKHIEN8LEDDON                                          02/09/2022 16:07:41 PAGE 4   

 180   2          
 181   2          //tat dan led tu phai sang trai
 182   2          Led8 = 1; delay(20000);
 183   2          Led7 = 1; delay(20000);
 184   2          Led6 = 1; delay(20000);
 185   2          Led5 = 1; delay(20000);
 186   2          Led4 = 1; delay(20000);
 187   2          Led3 = 1; delay(20000);
 188   2          Led2 = 1; delay(20000);
 189   2          Led1 = 1; delay(20000);
 190   2        }
 191   1      }
 192          void sangChanLel(int lan){
 193   1        int i;
 194   1        for(i = 0; i < lan; i++){
 195   2          //POWER BY  LE MINH HUU - 17/1/2022
 196   2      
 197   2        }
 198   1      }
 199          
 200          
 201          void main(){
 202   1        Led1 = Led2 = Led3 = Led4 = Led5 = Led6 = Led7 = Led8 = 1;
 203   1        while(1){
 204   2          blink(3); delay(10000);
 205   2          blinkLedChanLe(2); delay(10000);
 206   2          sangChanLe(1); delay(10000);
 207   2          sangGiuTraiPhai(1); delay(10000);
 208   2          sangGiuPhaiTrai(2); delay(10000);
 209   2          sangTraiPhaiBlink(2); delay(10000);
 210   2          phaiSangTraiBlink(3); delay(10000);
 211   2          giuaRaHaiBen(2);  delay(10000);
 212   2          giuaRaHaiBen(1);  delay(10000);
 213   2          haiBenVaoGiua(2); delay(10000);
 214   2          
 215   2        }
 216   1      }
 217            


MODULE INFORMATION:   STATIC OVERLAYABLE
   CODE SIZE        =   1314    ----
   CONSTANT SIZE    =   ----    ----
   XDATA SIZE       =   ----    ----
   PDATA SIZE       =   ----    ----
   DATA SIZE        =      8       2
   IDATA SIZE       =   ----    ----
   BIT SIZE         =   ----    ----
END OF MODULE INFORMATION.


C51 COMPILATION COMPLETE.  0 WARNING(S),  0 ERROR(S)
