C51 COMPILER V9.52.0.0   INTERRUPTNGOAINUTBAMDK8LED                                        03/18/2022 10:54:48 PAGE 1   


C51 COMPILER V9.52.0.0, COMPILATION OF MODULE INTERRUPTNGOAINUTBAMDK8LED
OBJECT MODULE PLACED IN interruptNgoaiNutBamDK8Led.OBJ
COMPILER INVOKED BY: C:\Keil\C51\BIN\C51.EXE interruptNgoaiNutBamDK8Led.c BROWSE DEBUG OBJECTEXTEND TABS(2)

line level    source

   1          //ngat ngoai INTERRUPT dieu khien 8 led cong P2 nhay
   2          //power by le minh huu 18/3/2022
   3          #include <REGX52.H>
   4          
   5          void delay(unsigned int time){
   6   1        while(time--);
   7   1      }
   8          
   9          void ngatNgoai0() interrupt 0{
  10   1        unsigned int a = 10000;
  11   1        P2 = 0;
  12   1        while(a--){}
  13   1          P2 = 0xff;
  14   1      }
  15          
  16          void main(){
  17   1        IE = 0x82;  // EA _ _ ES EX1 ET1 EX0 ET0 --> 1 0 0 0   0 0 1 0
  18   1        IT0 = 0;    // ngat theo muc. mac dinh la theo muc. --> khi ngat lien tuc thi se thuc hien chuyen doi lien
             - tuc
  19   1        //IT0 = 1;    // ngat theo suong  --> khi giu trang thai ngat thi ngat chi thuc hien 1 lan duy nhat
  20   1        while(1){}
  21   1      }


MODULE INFORMATION:   STATIC OVERLAYABLE
   CODE SIZE        =     62    ----
   CONSTANT SIZE    =   ----    ----
   XDATA SIZE       =   ----    ----
   PDATA SIZE       =   ----    ----
   DATA SIZE        =   ----    ----
   IDATA SIZE       =   ----    ----
   BIT SIZE         =   ----    ----
END OF MODULE INFORMATION.


C51 COMPILATION COMPLETE.  0 WARNING(S),  0 ERROR(S)
