C51 COMPILER V9.52.0.0   DEMXUNGCOUNTER                                                    02/26/2022 00:03:20 PAGE 1   


C51 COMPILER V9.52.0.0, COMPILATION OF MODULE DEMXUNGCOUNTER
OBJECT MODULE PLACED IN demXungCounter.OBJ
COMPILER INVOKED BY: C:\Keil\C51\BIN\C51.EXE demXungCounter.c BROWSE DEBUG OBJECTEXTEND TABS(2)

line level    source

   1          #include <REGX52.H>
   2          
   3          #define cdv P2_4
   4          #define cchuc P2_3
   5          #define ctram P2_2
   6          #define cnghin P2_1
   7          #define ccnghin P2_0
   8          #define on 0
   9          #define off 1
  10          
  11          char soHienThi[] = {0x40, 0x79, 0x24, 0x30, 0x19, 0x12, 0x02, 0x78, 0x00, 0x10};
  12          unsigned int cNghin, nghin, tram, chuc, dv;
  13            
  14          void delay(int time){
  15   1        while(time--);
  16   1      }
  17          
  18          void hienThi(unsigned int so){
  19   1      
  20   1        //su dung cach cua thay 
  21   1        cNghin = so / 10000;  so = so % 10000;  //so chuc nghin = so chia lay nguyen cho 10 000, so = so ban dau ch
             -ia lay du cho 10 000
  22   1        nghin = so / 1000;  so = so % 1000; // so nghin = so chia nguyen cho 1000, roi so = so chia lay du cho 100
             -0
  23   1        tram = so / 100; so = so % 100; //so tram = so chia nguyen cho 100
  24   1        chuc = so / 10; //so chuc = so chia nguyen cho 10
  25   1        dv = so % 10; //so dv = so da chia lay du o hang chuc
  26   1        
  27   1        //su dung cach cua toi: Le HUU
  28   1      //  dv = so % 10;  so = so / 10;
  29   1      //  chuc = so % 10; so = so / 10;
  30   1      //  tram = so % 10; so = so / 10;
  31   1      //  nghin = so % 10; so = so / 10;
  32   1      //  cNghin = so % 10; so = so / 10;
  33   1        
  34   1        cdv = on; P0 = soHienThi[dv]; delay(1000); cdv = off;
  35   1        cchuc = on; P0 = soHienThi[chuc]; delay(1000); cchuc = off;
  36   1        ctram = on; P0 = soHienThi[tram]; delay(1000); ctram = off;
  37   1        cnghin = on; P0 = soHienThi[nghin]; delay(1000); cnghin = off;
  38   1        ccnghin = on; P0 = soHienThi[cNghin]; delay(1000); ccnghin = off;
  39   1        
  40   1      }
  41          
  42          void main(){
  43   1        unsigned int high,low,dem;//TIMEE 0,CDD 1/ TMOD=11110000 -> 1111 0101
  44   1        TMOD = TMOD & 0xf0; //xoa gia tri cho tmod, lenh and (va) & dau ra = 1 khi ca 2 dau vao = 1
  45   1        TMOD = TMOD | 0x50;   //cau hinh che do counter: 0101 0000 0x50 ==> counter 1 che do 1 
  46   1        TR0 = 1;  // khoi chay thanh ghi 
  47   1        while(1){
  48   2          high=TH0;
  49   2          low=TL0;
  50   2          dem=high; //dich 8 bit lay gia tri cua th 0
  51   2          dem<<8;
*** WARNING C275 IN LINE 51 OF demXungCounter.c: expression with possibly no effect
  52   2          dem|low;
C51 COMPILER V9.52.0.0   DEMXUNGCOUNTER                                                    02/26/2022 00:03:20 PAGE 2   

*** WARNING C275 IN LINE 52 OF demXungCounter.c: expression with possibly no effect
  53   2          hienThi(dem);
  54   2        }
  55   1      }


MODULE INFORMATION:   STATIC OVERLAYABLE
   CODE SIZE        =    226    ----
   CONSTANT SIZE    =   ----    ----
   XDATA SIZE       =   ----    ----
   PDATA SIZE       =   ----    ----
   DATA SIZE        =     20       4
   IDATA SIZE       =   ----    ----
   BIT SIZE         =   ----    ----
END OF MODULE INFORMATION.


C51 COMPILATION COMPLETE.  2 WARNING(S),  0 ERROR(S)
