C51 COMPILER V9.52.0.0   TIMERCOUNTERCHEDO2                                                02/25/2022 07:26:22 PAGE 1   


C51 COMPILER V9.52.0.0, COMPILATION OF MODULE TIMERCOUNTERCHEDO2
OBJECT MODULE PLACED IN timerCounterCheDo2.OBJ
COMPILER INVOKED BY: C:\Keil\C51\BIN\C51.EXE timerCounterCheDo2.c BROWSE DEBUG OBJECTEXTEND TABS(2)

line level    source

   1          #include <REGX52.H>
   2          
   3          //timer 0 che do 2
   4          void delay(){
   5   1         TMOD = 0x02;
   6   1        TL0 = 0x48;
   7   1        TH0 = 0x48;
   8   1        TR0 = 1;
   9   1        while(!TF0);
  10   1        TR0 = 0;
  11   1        TF0 = 0;
  12   1      }
  13          
  14          //timer 1 che do 2
  15          void delay_us(){
  16   1         TMOD = 0x20;
  17   1        TL1 = 0x48;
  18   1        TH1 = 0x48;
  19   1        TR1 = 1;
  20   1        while(!TF1);
  21   1        TR1 = 0;
  22   1        TF1 = 0;
  23   1      }
  24          
  25          void main(){
  26   1        P3_0 = 1;
  27   1        while(1){
  28   2          P3_0 = ~ P3_0;
  29   2          delay_us();
  30   2          P3_0 = 0;
  31   2          delay();
  32   2        }
  33   1      }


MODULE INFORMATION:   STATIC OVERLAYABLE
   CODE SIZE        =     52    ----
   CONSTANT SIZE    =   ----    ----
   XDATA SIZE       =   ----    ----
   PDATA SIZE       =   ----    ----
   DATA SIZE        =   ----    ----
   IDATA SIZE       =   ----    ----
   BIT SIZE         =   ----    ----
END OF MODULE INFORMATION.


C51 COMPILATION COMPLETE.  0 WARNING(S),  0 ERROR(S)
