C51 COMPILER V9.52.0.0   7SEGDUNGPORT2PORT3DOCLAP                                          02/12/2022 10:13:41 PAGE 1   


C51 COMPILER V9.52.0.0, COMPILATION OF MODULE 7SEGDUNGPORT2PORT3DOCLAP
OBJECT MODULE PLACED IN 7segDungPort2Port3DocLap.OBJ
COMPILER INVOKED BY: C:\Keil\C51\BIN\C51.EXE 7segDungPort2Port3DocLap.c BROWSE DEBUG OBJECTEXTEND TABS(2)

line level    source

   1          //power by Ho Mau Viet (y tuong ) make by  le minh huu - 11/2/2022
   2          #include <REGX52.H>
   3          
   4          #define sang 0
   5          #define tat 1
   6          
   7          int i, j, donVi, chuc;
   8          //led 7 thanh sang tu so 0 den so 9
   9          char soDonVi[] = {0x40, 0x79, 0x24, 0x30, 0x19, 0x12, 0x02, 0x78, 0x00, 0x10};
  10          char soChuc[] = {0x40, 0x79, 0x24, 0x30, 0x19, 0x12, 0x02, 0x78, 0x00, 0x10};
  11            
  12          void delay(int time){
  13   1        while(time--);
  14   1      }
  15          
  16          
  17          //thuc hien dem lan luot tu 00 den 99
  18          void dem00Toi99(){
  19   1        for(i = 0; i <= 99; i++){
  20   2          //xac dinh so hang chuc va hang don vi
  21   2              chuc = i /10;
  22   2              donVi = i % 10;
  23   2            P2 = soChuc[chuc];
  24   2            P3 = soDonVi[donVi];
  25   2            delay(10000);
  26   2        }
  27   1      }
  28          
  29          //dem lan luot tu 99 ve 00
  30          void dem99Ve00(){
  31   1        for(i = 99; i >= 0; i--){
  32   2          //xac dinh so hang chuc va hang don vi
  33   2              chuc = i /10;
  34   2              donVi = i % 10;
  35   2            P2 = soChuc[chuc];
  36   2            P3 = soDonVi[donVi];
  37   2            delay(10000);
  38   2        }
  39   1      }
  40          
  41          //dem cac gia tri le tu 0 den 99
  42          void demLe(){
  43   1        for(i = 0; i <= 99; i++){
  44   2          //xac dinh so hang chuc va hang don vi
  45   2            chuc = i /10;
  46   2            donVi = i % 10;
  47   2            if(i % 2 == 1){ //neu la so le thi thuc hien con khong thi khong lam gi
  48   3              P2 = soChuc[chuc];
  49   3              P3 = soDonVi[donVi];
  50   3            } 
  51   2          }
  52   1      }
  53          
  54          //thuc hien hien thi cac so nguyen to tu 0 den 99
  55          void demNguyenTo(){
C51 COMPILER V9.52.0.0   7SEGDUNGPORT2PORT3DOCLAP                                          02/12/2022 10:13:41 PAGE 2   

  56   1        //so nguyen to la so chi chia het cho 1 va chinh no
  57   1        int i, a, dem;
  58   1        for(i = 2; i <= 99; i++){
  59   2          //kiem tra xem i co phai la so nguyen to hay khong neu phai thi thuc hien in ra 
  60   2          dem = 0;
  61   2          for(a = 1; a <= i; a++){
  62   3            if( i % a == 0){
  63   4              dem++;
  64   4            }
  65   3          }
  66   2          if(dem == 2){ //neu dem == 2 thi day la so nguyen to. vi a =1 va a <= i.
  67   3            //xac dinh so hang chuc va hang don vi
  68   3                chuc = i /10;
  69   3                donVi = i % 10;
  70   3                //thuc hien lap lai 1 so 10 lan
  71   3                P2 = soChuc[chuc];
  72   3                P3 = soDonVi[donVi];
  73   3                delay(10000);
  74   3            }
  75   2        }
  76   1      }
  77          
  78          //dem so chia het cho 3 tu 0 den 99
  79          void demChiaHet3(){
  80   1      for(i = 0; i <= 99; i++){
  81   2          //xac dinh so hang chuc va hang don vi
  82   2            chuc = i /10;
  83   2            donVi = i % 10;
  84   2            if(i % 3 == 0){ //neu la so chia het cho 3 thi thuc hien con khong thi khong lam gi
  85   3              P2 = soChuc[chuc];
  86   3              P3 = soDonVi[donVi];
  87   3            } 
  88   2          }
  89   1      }
  90          
  91          //dem so chia het cho ca 3 va 5 tu 0 den 99
  92          void demChiaHet3Va5(){
  93   1      for(i = 0; i <= 99; i++){
  94   2          //xac dinh so hang chuc va hang don vi
  95   2            chuc = i /10;
  96   2            donVi = i % 10;
  97   2            if(i % 3 == 0 && i % 5 == 0){ //neu la so chia het cho 3 thi thuc hien con khong thi khong lam gi
  98   3            //thuc hien lap lai 1 so 10 lan
  99   3              for(j = 0; j < 10; j++){
 100   4                P2 = soChuc[chuc];
 101   4                P3 = soDonVi[donVi];
 102   4              }
 103   3            } 
 104   2          }
 105   1      }
 106          
 107          //POWER BY LE MINH HUU - 11/2/2022 @Copyright
 108          
 109          void main(){
 110   1        P2 = P3 = tat;
 111   1        while(1){
 112   2          
 113   2          //thuc hien dem lan luot tu 00 den 99
 114   2            //dem00Toi99(); delay(10000);
 115   2          //dem lan luot tu 99 ve 00
 116   2          // dem99Ve00(); delay(10000);
 117   2          //dem cac gia tri le tu 0 den 99
C51 COMPILER V9.52.0.0   7SEGDUNGPORT2PORT3DOCLAP                                          02/12/2022 10:13:41 PAGE 3   

 118   2          //demLe(); delay(10000);
 119   2          //dem so chia het cho 3 tu 0 den 99
 120   2          //demChiaHet3(); delay(10000);
 121   2          //dem so chia het cho ca 3 va 5 tu 0 den 99
 122   2          //demChiaHet3Va5(); delay(10000);
 123   2          //thuc hien hien thi cac so nguyen to tu 0 den 99
 124   2          demNguyenTo(); delay(10000);
 125   2        }
 126   1      }


MODULE INFORMATION:   STATIC OVERLAYABLE
   CODE SIZE        =    505    ----
   CONSTANT SIZE    =   ----    ----
   XDATA SIZE       =   ----    ----
   PDATA SIZE       =   ----    ----
   DATA SIZE        =     28       2
   IDATA SIZE       =   ----    ----
   BIT SIZE         =   ----    ----
END OF MODULE INFORMATION.


C51 COMPILATION COMPLETE.  0 WARNING(S),  0 ERROR(S)
