C51 COMPILER V9.52.0.0   TRUYENTHONGNOITIEPUART                                            05/19/2022 07:46:35 PAGE 1   


C51 COMPILER V9.52.0.0, COMPILATION OF MODULE TRUYENTHONGNOITIEPUART
OBJECT MODULE PLACED IN truyenThongNoiTiepUART.OBJ
COMPILER INVOKED BY: C:\Keil\C51\BIN\C51.EXE truyenThongNoiTiepUART.C BROWSE DEBUG OBJECTEXTEND TABS(2)

line level    source

   1          /*
   2          power by Le Minh Hu 2k2 @copyright 19/5/2022\
   3          lap trinh UART gui ky tu tu a den k
   4          TH1 = 256 - (crystal /(12*32))/9600
   5          = 256 - (11 059 200 / (384))/9600 = 256 - 3 = 253 =0xfd
   6          SCON sm0 sm1 sm2 ren tb8 rb8 ti ri
   7          */
   8          #include <REGX52.H>
   9          #include <string.h>
  10          
  11          void delay (int time){
  12   1        while(time--){}
  13   1      }
  14          
  15          void send(unsigned char a){
  16   1        SBUF = a;
  17   1        while(!TI){}  //ktra truyen
  18   1          TI = 0;
  19   1      }
  20          void sendChar(unsigned char *a){
  21   1        int x = strlen(a);
  22   1        int i;
  23   1        for(i = 0; i <= x; i++){
  24   2          send(a[i]);
  25   2        }
  26   1      }
  27          void main(){
  28   1        int ii;
  29   1        char a;
  30   1        TMOD = 0x20;  //timer 1 cd 2
  31   1        TH1 = 0xfd;
  32   1        TR1 = 1;
  33   1        SCON = 0x50;
  34   1        //while(1){
  35   1          for(ii = 'a'; ii <= 'k'; ii++){
  36   2            send(ii);
  37   2          }
  38   1          delay(100000);
  39   1          sendChar("\r\n \r\n");
  40   1        //}
  41   1      }
*** WARNING C280 IN LINE 29 OF truyenThongNoiTiepUART.C: 'a': unreferenced local variable


MODULE INFORMATION:   STATIC OVERLAYABLE
   CODE SIZE        =    122    ----
   CONSTANT SIZE    =      6    ----
   XDATA SIZE       =   ----    ----
   PDATA SIZE       =   ----    ----
   DATA SIZE        =   ----       6
   IDATA SIZE       =   ----    ----
   BIT SIZE         =   ----    ----
END OF MODULE INFORMATION.


C51 COMPILATION COMPLETE.  1 WARNING(S),  0 ERROR(S)
