C51 COMPILER V9.52.0.0   BAI10_READTIME_DS1307_8051                                        03/01/2023 19:24:15 PAGE 1   


C51 COMPILER V9.52.0.0, COMPILATION OF MODULE BAI10_READTIME_DS1307_8051
OBJECT MODULE PLACED IN .\Objects\bai10_readtime_ds1307_8051.obj
COMPILER INVOKED BY: C:\Keil_v5\C51\BIN\C51.EXE bai10_readtime_ds1307_8051.c OPTIMIZE(8,SPEED) BROWSE DEBUG OBJECTEXTEND
                    - PRINT(.\Listings\bai10_readtime_ds1307_8051.lst) TABS(2) OBJECT(.\Objects\bai10_readtime_ds1307_8051.obj)

line level    source

   1          /*
   2          DO AN TOT NGHIEP: KIT 8051 V3.
   3          NAME: READ SENSOR DS18B20 display on lcd16x2 in chip 8051.
   4          TIME: 2/2023  - ICTU.
   5          */
   6          /*---------------------------INCLUDE AND DEFINE-----------------------------------*/
   7          #include <REGX51.H>
   8          #include <lcd16x2.h>
   9          #include <ds1307.h>
  10          #include <stdio.h>  //su dung sprintf()
  11          
  12          /*-------------------------------MAIN FUNCTION-------------------------------*/
  13          void main(){
  14   1        unsigned char hour,min,sec,date,month,year;
  15   1        lcd1602_init();
  16   1        lcd1602_clear();
  17   1        lcd1602_gotoxy(0,0);
  18   1        lcd1602_puts("DO AN TOT NGHIEP");
  19   1        lcd1602_gotoxy(0,1);
  20   1        delay_ms(3000);
  21   1        lcd1602_puts("  KIT 8051 V3");
  22   1        delay_ms(2000);
  23   1        lcd1602_gotoxy(0,0);
  24   1        lcd1602_puts("TEST DS1307");
  25   1        delay_ms(1000);
  26   1        lcd1602_clear();
  27   1        DS1307_Write(SEC,0);
  28   1        DS1307_Write(MIN,30);
  29   1        DS1307_Write(HOUR,10);
  30   1        DS1307_Write(DATE,30);
  31   1        DS1307_Write(MONTH,02);
  32   1        DS1307_Write(YEAR,23);
  33   1        while(1)
  34   1          {  
  35   2            hour=DS1307_get(HOUR);
  36   2            min=DS1307_get(MIN);
  37   2            sec=DS1307_get(SEC);
  38   2            date=DS1307_get(DATE);
  39   2            month=DS1307_get(MONTH);
  40   2            year=DS1307_get(YEAR);
  41   2            sprintf(Lcd_Buff,"%bu:%bu:%bu ",hour,min,sec);
  42   2            lcd1602_gotoxy(0,0);
  43   2            lcd1602_puts("TIME:");
  44   2            lcd1602_puts(Lcd_Buff);
  45   2            sprintf(Lcd_Buff,"DATE:%bu:%bu:20%bu ",date,month,year);
  46   2            lcd1602_gotoxy(0,1);
  47   2            lcd1602_puts(Lcd_Buff);
  48   2          }
  49   1      }


MODULE INFORMATION:   STATIC OVERLAYABLE
   CODE SIZE        =    873    ----
   CONSTANT SIZE    =     82    ----
C51 COMPILER V9.52.0.0   BAI10_READTIME_DS1307_8051                                        03/01/2023 19:24:15 PAGE 2   

   XDATA SIZE       =   ----    ----
   PDATA SIZE       =   ----    ----
   DATA SIZE        =     16      11
   IDATA SIZE       =   ----    ----
   BIT SIZE         =   ----       2
END OF MODULE INFORMATION.


C51 COMPILATION COMPLETE.  0 WARNING(S),  0 ERROR(S)
