C51 COMPILER V9.52.0.0   BAI7_MAX232_8051                                                  03/01/2023 20:44:50 PAGE 1   


C51 COMPILER V9.52.0.0, COMPILATION OF MODULE BAI7_MAX232_8051
OBJECT MODULE PLACED IN .\Objects\bai7_max232_8051.obj
COMPILER INVOKED BY: C:\Keil_v5\C51\BIN\C51.EXE bai7_max232_8051.c OPTIMIZE(8,SPEED) BROWSE DEBUG OBJECTEXTEND PRINT(.\L
                    -istings\bai7_max232_8051.lst) TABS(2) OBJECT(.\Objects\bai7_max232_8051.obj)

line level    source

   1          /*
   2          DO AN TOT NGHIEP: KIT 8051 V3.
   3          NAME: READ SENSOR DS18B20 display on lcd16x2 in chip 8051.
   4          TIME: 2/2023  - ICTU.
   5          */
   6          /*---------------------------INCLUDE AND DEFINE-----------------------------------*/
   7          //#include <REGX51.H>
   8          #include <AT89X52.h>
   9          #include <lcd16x2.h>
  10          #include <uart.h>
  11          #include <stdio.h>  //su dung sprintf()
  12          
  13          float Nhiet_Do;             // DS18b20
  14          
  15          /*-------------------------------MAIN FUNCTION-------------------------------*/
  16          void main(){
  17   1        //INIT UART IN 8051
  18   1        UART_Init();
  19   1        //INIT LCD 16X2
  20   1        lcd1602_init();
  21   1        lcd1602_clear();
  22   1        lcd1602_gotoxy(0,0);
  23   1        lcd1602_puts("DO AN TOT NGHIEP");
  24   1        lcd1602_gotoxy(0,1);
  25   1        delay_ms(3000);
  26   1        lcd1602_puts("  KIT 8051 V3");
  27   1        delay_ms(2000);
  28   1        lcd1602_clear();
  29   1        lcd1602_gotoxy(0,0);
  30   1        lcd1602_puts("TEST UART");
  31   1        EA=1;
  32   1        UART_Puts("EMBEDDED AT ICTU");
  33   1        
  34   1        while(1)
  35   1        {
  36   2          Uart_char = UART_GetChar();
  37   2          if(Uart_char)
  38   2          {
  39   3          //UART_PutChar(Uart_char);
  40   3          lcd1602_gotoxy(0,1);
  41   3          lcd1602_puts("RECEIVER:");
  42   3          lcd1602_gotoxy(10,1);
  43   3          lcd1602_putchar(Uart_char);
  44   3          }
  45   2        }
  46   1      }
  47          /*------------------------------END FILE--------------------------------*/


MODULE INFORMATION:   STATIC OVERLAYABLE
   CODE SIZE        =    467    ----
   CONSTANT SIZE    =     68    ----
   XDATA SIZE       =   ----    ----
   PDATA SIZE       =   ----    ----
C51 COMPILER V9.52.0.0   BAI7_MAX232_8051                                                  03/01/2023 20:44:50 PAGE 2   

   DATA SIZE        =     22       4
   IDATA SIZE       =   ----    ----
   BIT SIZE         =   ----    ----
END OF MODULE INFORMATION.


C51 COMPILATION COMPLETE.  0 WARNING(S),  0 ERROR(S)
