C51 COMPILER V9.52.0.0   7SEG00TO99BY2IC74LS47CHUNGPORT2                                   02/12/2022 10:32:24 PAGE 1   


C51 COMPILER V9.52.0.0, COMPILATION OF MODULE 7SEG00TO99BY2IC74LS47CHUNGPORT2
OBJECT MODULE PLACED IN 7seg00To99By2Ic74ls47ChungPort2.OBJ
COMPILER INVOKED BY: C:\Keil\C51\BIN\C51.EXE 7seg00To99By2Ic74ls47ChungPort2.c BROWSE DEBUG OBJECTEXTEND TABS(2)

line level    source

   1          //POWER BY LE MINH HUU 11/2/2022 @Copyright
   2          #include <REGX52.H>
   3          
   4          //huong lam: cho mot mang chua ma hex 7seg cho ic 74ls47 nhung gap doi ma hex
   5          //chia port2 ra lam 2 phan phan tren gom 2.0, 2.1, 2.2, 2.3 se dieu khien led1 hang chuc. phan 2 gom 2.4, 
             -2.5, 2.6, 2.7 dieu khien led2 hang don vi
   6          char dieuKhienChuc[] = {0xf0,0xf1,0xf2,0xf3,0xf4,0xf5,0xf6,0xf7,0xf18,0xf9};
   7          char dieuKhienDonVi[] = {0x0f,0x1f,0x2f,0x3f,0x4f,0x5f,0x6f,0x7f,0x8f,0x9f};
   8          int i,j, chuc, donVi;
   9          
  10          void delay(time){
  11   1        while(time--);
  12   1      }
  13          
  14          void main(){
  15   1        while(1){
  16   2          for(i = 0; i <= 99; i++){
  17   3          //xac dinh so hang chuc va hang don vi
  18   3              chuc = i /10;
  19   3              donVi = i % 10;
  20   3            for(j = 0; j < 10; j++){
  21   4              P2 = dieuKhienChuc[chuc];
  22   4              delay(1700);
  23   4              P2 = dieuKhienDonVi[donVi];
  24   4              delay(1700);  
  25   4            }
  26   3            
  27   3          }
  28   2        }
  29   1      }


MODULE INFORMATION:   STATIC OVERLAYABLE
   CODE SIZE        =    113    ----
   CONSTANT SIZE    =   ----    ----
   XDATA SIZE       =   ----    ----
   PDATA SIZE       =   ----    ----
   DATA SIZE        =     28    ----
   IDATA SIZE       =   ----    ----
   BIT SIZE         =   ----    ----
END OF MODULE INFORMATION.


C51 COMPILATION COMPLETE.  0 WARNING(S),  0 ERROR(S)
