C51 COMPILER V9.52.0.0   BAI12_CAM_BIEN_DS18B20                                            03/01/2023 18:59:48 PAGE 1   


C51 COMPILER V9.52.0.0, COMPILATION OF MODULE BAI12_CAM_BIEN_DS18B20
OBJECT MODULE PLACED IN .\Objects\bai12_cam_bien_ds18b20.obj
COMPILER INVOKED BY: C:\Keil_v5\C51\BIN\C51.EXE bai12_cam_bien_ds18b20.c OPTIMIZE(8,SPEED) BROWSE DEBUG OBJECTEXTEND PRI
                    -NT(.\Listings\bai12_cam_bien_ds18b20.lst) TABS(2) OBJECT(.\Objects\bai12_cam_bien_ds18b20.obj)

line level    source

   1          /*
   2          DO AN TOT NGHIEP: KIT 8051 V3.
   3          NAME: READ SENSOR DS18B20 display on lcd16x2 in chip 8051.
   4          TIME: 2/2023  - ICTU.
   5          */
   6          /*---------------------------INCLUDE AND DEFINE-----------------------------------*/
   7          #include <REGX51.H>
   8          #include <lcd16x2.h>
   9          #include <ds18b20.h>
  10          #include <stdio.h>  //su dung sprintf()
  11          
  12          float Nhiet_Do;             // DS18b20
  13          
  14          /*-------------------------------MAIN FUNCTION-------------------------------*/
  15          void main(){
  16   1        //INIT LCD 16X2
  17   1        lcd1602_init();
  18   1        lcd1602_clear();
  19   1        lcd1602_gotoxy(0,0);
  20   1        lcd1602_puts(" DO AN TOT NGHIEP");
  21   1        lcd1602_gotoxy(0,1);
  22   1        delay_ms(3000);
  23   1        lcd1602_puts("  KIT 8051 V3");
  24   1        delay_ms(2000);
  25   1        lcd1602_clear();
  26   1        lcd1602_gotoxy(0,0);
  27   1        lcd1602_puts("TEST DS18B20");
  28   1        while(1)
  29   1        {
  30   2          //READ DATA DS18B20
  31   2          Nhiet_Do = ds18b20_readtemp();    
  32   2          sprintf(Lcd_Buff," value: %2.2f^C",Nhiet_Do);     //EP TU KIEU FLOAT SANG STRING
  33   2          //SHOW IN LCD 16X2
  34   2          lcd1602_gotoxy(0,1);
  35   2          lcd1602_puts(Lcd_Buff);
  36   2          delay_ms(300);
  37   2        }
  38   1      }
  39          /*------------------------------END FILE--------------------------------*/


MODULE INFORMATION:   STATIC OVERLAYABLE
   CODE SIZE        =    621    ----
   CONSTANT SIZE    =     61    ----
   XDATA SIZE       =   ----    ----
   PDATA SIZE       =   ----    ----
   DATA SIZE        =     20      11
   IDATA SIZE       =   ----    ----
   BIT SIZE         =      1    ----
END OF MODULE INFORMATION.


C51 COMPILATION COMPLETE.  0 WARNING(S),  0 ERROR(S)
