C51 COMPILER V9.52.0.0   LED7THANHTU00DEN99                                                02/10/2022 04:30:17 PAGE 1   


C51 COMPILER V9.52.0.0, COMPILATION OF MODULE LED7THANHTU00DEN99
OBJECT MODULE PLACED IN Led7ThanhTu00Den99.OBJ
COMPILER INVOKED BY: C:\Keil\C51\BIN\C51.EXE Led7ThanhTu00Den99.c BROWSE DEBUG OBJECTEXTEND TABS(2)

line level    source

   1          //POWER BY LE MINH HUU - 10/2/2022
   2          #include <REGX52.H>
   3          
   4          #define led1  P0_0
   5          #define led2  P0_1
   6          
   7          #define sang 0
   8          #define tat 1
   9          
  10          //led 7 thanh chung annot, quet 2 led 7 thanh bang cach: sang lan luot hang chuc va don vi
  11          //dieu kien chan chung annot va phuong phap chia lay du va lay nguyen de xac dinh hang chuc va hang don vi
  12          //vd so = 78 --> chuc = so / 10 = 7; donvi = so % 10 = 8 ;
  13          
  14          char so[] = {0x40, 0x79, 0x24, 0x30, 0x19, 0x12, 0x02, 0x78, 0x00, 0x10};
  15          int i, j, chuc, donVi;
  16          
  17          void delay(int time){
  18   1        while(time){
  19   2          time--;
  20   2        }
  21   1      }
  22          
  23          void main(){
  24   1        led1 = led2 = tat;
  25   1        while(1){
  26   2          //led1 = sang; P2 = 0xf9; delay(10000);
  27   2          //cho so chay tu 0 den 99
  28   2          for(i = 0; i <= 99; i ++){
  29   3            // tinh so hang chuc va hang don vi
  30   3            chuc = i /10;
  31   3            donVi = i % 10;
  32   3            //vong for nay co tac dung hien thi j lan cho tung so, lam cho nhin ro hon
  33   3              for(j = 0; j < 20; j++){
  34   4                led1 = sang;  //cho led1 sang 
  35   4                P2 = so[chuc];      //sang dung so ma hang chuc da chia o tren
  36   4                delay(5000);  //delay 1 khoang de mat nhin thay roi chuyen trang thai tat
  37   4                led1 = tat;
  38   4      
  39   4                led2 = sang;  //cho led 2 sang
  40   4                P2 = so[ donVi];
  41   4                delay(5000);  //delay 1 khoang de mat nhin thay roi chuyen trang thai tat
  42   4                led2 = tat;
  43   4                delay(10000);
  44   4              } 
  45   3              
  46   3            // lap lai cho den 99 roi lai quay lai
  47   3          }
  48   2        }
  49   1      }


MODULE INFORMATION:   STATIC OVERLAYABLE
   CODE SIZE        =    133    ----
   CONSTANT SIZE    =   ----    ----
   XDATA SIZE       =   ----    ----
C51 COMPILER V9.52.0.0   LED7THANHTU00DEN99                                                02/10/2022 04:30:17 PAGE 2   

   PDATA SIZE       =   ----    ----
   DATA SIZE        =     18    ----
   IDATA SIZE       =   ----    ----
   BIT SIZE         =   ----    ----
END OF MODULE INFORMATION.


C51 COMPILATION COMPLETE.  0 WARNING(S),  0 ERROR(S)
