C51 COMPILER V9.52.0.0   TIMER01CHEDO2TRE5S                                                03/18/2022 07:58:45 PAGE 1   


C51 COMPILER V9.52.0.0, COMPILATION OF MODULE TIMER01CHEDO2TRE5S
OBJECT MODULE PLACED IN timer01CheDo2Tre5s.OBJ
COMPILER INVOKED BY: C:\Keil\C51\BIN\C51.EXE timer01CheDo2Tre5s.c BROWSE DEBUG OBJECTEXTEND TABS(2)

line level    source

   1          //tao tre dung timer 0 va timer 1 che do 2
   2          //power by le minh huu 18/3/2022
   3          #include <REGX52.H>
   4          
   5          
   6          //===========================================
   7          //TIMER 0 CHE DO 2 TXAL = 12MHZ
   8          /*
   9          tinh gia tri 100us nap vao tl va th --> 256 - 100 = 156. --> 0x9c
  10          100us x 10000 = 1 000 000 us = 1000 ms = 1s
  11          100us x 1000 x 10 = 1 000 000 us = 1000 ms = 1s
  12          */
  13          void delay_T0_1s_12mhz(unsigned int time){
  14   1        unsigned int a = 10, b = 1000;
  15   1        while(time--){
  16   2          while(a--){
  17   3            while(b--){
  18   4              TMOD = 0x02;  //timer 0 che do 2
  19   4              TL0 = 0x9c; //tre trong 100us
  20   4              TH0 = 0x9c; //trong che do 2 thi cho TL len truoc TH
  21   4              TR0 = 1;
  22   4              while(!TF0){}
  23   4              TR0 = 0;
  24   4              TF0 = 0;
  25   4            }
  26   3          }
  27   2        }
  28   1      }
  29          
  30          //-------------------------------
  31          /*
  32          TIMER 0 CHE DO 2 TXAL 20MHZ --> T = 0,6
  33          tinh 100us 100/0.6 = 167. --> 256 - 167 = 89 --> 0x59
  34          */
  35          void delay_T0_1s_20mhz(unsigned int time){
  36   1      unsigned int a = 10, b = 1000;
  37   1        while(time--){
  38   2          while(a--){ //100us x10 x1000
  39   3            while(b--){ //100us x1000
  40   4              TMOD = 0x02;  //timer 0 che do 2
  41   4              TL0 = 0x59; //tre trong 100us
  42   4              TH0 = 0x59;
  43   4              TR0 = 1;
  44   4              while(!TF0){}
  45   4              TR0 = 0;
  46   4              TF0 = 0;
  47   4            }
  48   3          }
  49   2        }
  50   1      }
  51          
  52          //-------------------------------
  53          /*
  54          TIMER 0 CHE DO 2 TXAL 11.0592MHZ --> T = 1.085
  55          tinh 100us 100/1.085 = 92. --> 256 - 92 = 164 --> 0xa4
C51 COMPILER V9.52.0.0   TIMER01CHEDO2TRE5S                                                03/18/2022 07:58:45 PAGE 2   

  56          */
  57          void delay_T0_1s_11mhz(unsigned int time){
  58   1      unsigned int a = 10, b = 1000;
  59   1        while(time--){
  60   2          while(a--){ //100us x10 x1000
  61   3            while(b--){ //100us x1000
  62   4              TMOD = 0x02;  //timer 0 che do 2
  63   4              TL0 = 0xa4; //tre trong 100us
  64   4              TH0 = 0xa4;
  65   4              TR0 = 1;
  66   4              while(!TF0){}
  67   4              TR0 = 0;
  68   4              TF0 = 0;
  69   4            }
  70   3          }
  71   2        }
  72   1      }
  73          
  74          
  75          //===========================================
  76          //TIMER 1 CHE DO 2
  77          
  78          /*
  79          //TIMER 1 CHE DO 2 TXAL = 12MHZ
  80          tinh gia tri 100us nap vao tl va th --> 256 - 100 = 156. --> 0x9c
  81          100us x 10000 = 1 000 000 us = 1000 ms = 1s
  82          100us x 1000 x 10 = 1 000 000 us = 1000 ms = 1s
  83          */
  84          void delay_T1_1s_12mhz(unsigned int time){
  85   1        unsigned int a = 10, b = 1000;
  86   1        while(time--){
  87   2          while(a--){
  88   3            while(b--){
  89   4              TMOD = 0x20;  //timer 1 che do 2
  90   4              TL1 = 0x9c; //tre trong 100us
  91   4              TH1 = 0x9c; //trong che do 2 thi cho TL len truoc TH
  92   4              TR1 = 1;
  93   4              while(!TF1){}
  94   4              TR1 = 0;
  95   4              TF1 = 0;
  96   4            }
  97   3          }
  98   2        }
  99   1      }
 100          
 101          //-------------------------------
 102          /*
 103          TIMER 1 CHE DO 2 TXAL 20MHZ --> T = 0,6
 104          tinh 100us 100/0.6 = 167. --> 256 - 167 = 89 --> 0x59
 105          */
 106          void delay_T1_1s_20mhz(unsigned int time){
 107   1      unsigned int a = 10, b = 1000;
 108   1        while(time--){
 109   2          while(a--){ //100us x10 x1000
 110   3            while(b--){ //100us x1000
 111   4              TMOD = 0x20;  //timer 1 che do 2
 112   4              TL1 = 0x59; //tre trong 100us
 113   4              TH1 = 0x59;
 114   4              TR1 = 1;
 115   4              while(!TF1){}
 116   4              TR1 = 0;
 117   4              TF1 = 0;
C51 COMPILER V9.52.0.0   TIMER01CHEDO2TRE5S                                                03/18/2022 07:58:45 PAGE 3   

 118   4            }
 119   3          }
 120   2        }
 121   1      }
 122          
 123          //-------------------------------
 124          /*
 125          TIMER 1 CHE DO 2 TXAL 11.0592MHZ --> T = 1.085
 126          tinh 100us 100/1.085 = 92. --> 256 - 92 = 164 --> 0xa4
 127          */
 128          void delay_T1_1s_11mhz(unsigned int time){
 129   1      unsigned int a = 10, b = 1000;
 130   1        while(time--){
 131   2          while(a--){ //100us x10 x1000
 132   3            while(b--){ //100us x1000
 133   4              TMOD = 0x20;  //timer 1 che do 2
 134   4              TL1 = 0xa4; //tre trong 100us
 135   4              TH1 = 0xa4;
 136   4              TR1 = 1;
 137   4              while(!TF1){}
 138   4              TR1 = 0;
 139   4              TF1 = 0;
 140   4            }
 141   3          }
 142   2        }
 143   1      }
 144          
 145          
 146          void main(){
 147   1        while(1){
 148   2          P2_0 = 1;
 149   2          delay_T0_1s_12mhz(5);
 150   2          P2_0 = 0;
 151   2          delay_T0_1s_12mhz(5);
 152   2          P2_0 = 1;
 153   2          delay_T1_1s_11mhz(5);
 154   2          P2_0 = 0;
 155   2          delay_T1_1s_11mhz(5);
 156   2        }
 157   1      }


MODULE INFORMATION:   STATIC OVERLAYABLE
   CODE SIZE        =    410    ----
   CONSTANT SIZE    =   ----    ----
   XDATA SIZE       =   ----    ----
   PDATA SIZE       =   ----    ----
   DATA SIZE        =   ----    ----
   IDATA SIZE       =   ----    ----
   BIT SIZE         =   ----    ----
END OF MODULE INFORMATION.


C51 COMPILATION COMPLETE.  0 WARNING(S),  0 ERROR(S)
