C51 COMPILER V9.52.0.0   LAPTRINHNGATTIMER                                                 03/10/2022 15:34:25 PAGE 1   


C51 COMPILER V9.52.0.0, COMPILATION OF MODULE LAPTRINHNGATTIMER
OBJECT MODULE PLACED IN lapTrinhNgatTimer.OBJ
COMPILER INVOKED BY: C:\Keil\C51\BIN\C51.EXE lapTrinhNgatTimer.c BROWSE DEBUG OBJECTEXTEND TABS(2)

line level    source

   1          //POWER BY LE MINH HUU 10/3/2022
   2          
   3          //NGAT TIMER 0 CHE DO 1 TRONG THOI GIAN 10S TAXL = 12MHZ
   4          /*
   5          #include <REGX52.H>
   6          
   7          //ham delay
   8          void delay(int time){
   9            while(time--);
  10          }
  11          
  12          //ham khai bao ngat
  13          void ngatTimer() interrupt 1 {  //ngat thu tu 1 => ngat timer 0
  14            long a = 10000;
  15            unsigned int t;
  16            t++;  //tang bien dem len
  17            TH0 = 0xfc; //dinh thoi gian la 1 us
  18            TL0 = 0x18;
  19            TR0 = 1;  //khoi tao bo dinh thoi
  20            while (t > 1000){ //dem den 10000 lan la 10s
  21              P1_0 = 0;
  22              t = 0;  //khi t > 1000 thi cho quay lai dem tu 0
  23              while(a--); //la ham delay 100000
  24              P1_0 = 1;
  25            }
  26          }
  27          
  28          void main(){
  29            TMOD = 0x01;  //timer 0 che do 1
  30            ET0 = 1;  //bat bit et0 ==> ngat timer 0
  31            EA = 1; //bat ngat
  32            TR0 = 1;  //kd bo dinh thoi
  33            while(1){
  34              P2 = ~P2;
  35              delay(10000);
  36            }
  37          }
  38          */
  39          
  40          //NGAT TIMER 1  CHE DO 2 TRONG THOI GIAN 5S TXAL = 11.0592
  41          //==============================================
  42          #include <REGX52.H>
  43          
  44          //ham delay
  45          void delay(int time){
  46   1        while(time--);
  47   1      }
  48          
  49          //ham khai bao ngat
  50          //TAXL 11.0592. 100/1.085 = 92. 256 - 92 = 164 == 0xa4
  51          void ngatTimer() interrupt 3 {  //ngat thu tu 3 => ngat timer 1
  52   1        long a = 10000;
  53   1        unsigned int t;
  54   1        t++;  //tang bien dem len
  55   1        TL1 = 0xA4;
C51 COMPILER V9.52.0.0   LAPTRINHNGATTIMER                                                 03/10/2022 15:34:25 PAGE 2   

  56   1        TH1 = 0xA4; //dinh thoi gian la 100 us
  57   1        TR1 = 1;  //khoi tao bo dinh thoi
  58   1        while (t > 50000){  //dem den 500 lan la 5s
  59   2          P1_0 = 0;
  60   2          t = 0;  //khi t > 500 thi cho quay lai dem tu 0
  61   2          while(a--); //la ham delay 100000
  62   2          P1_0 = 1;
  63   2        }
  64   1      }
  65          
  66          void main(){
  67   1        TMOD = 0x20;  //timer 1 che do 2
  68   1        ET1 = 1;  //bat bit et1 ==> ngat timer 1
  69   1        EA = 1; //bat ngat
  70   1        TR1 = 1;  //kd bo dinh thoi
  71   1        while(1){
  72   2          P2 = ~P2;
  73   2          delay(10000);
  74   2        }
  75   1      }


MODULE INFORMATION:   STATIC OVERLAYABLE
   CODE SIZE        =    160    ----
   CONSTANT SIZE    =   ----    ----
   XDATA SIZE       =   ----    ----
   PDATA SIZE       =   ----    ----
   DATA SIZE        =   ----       6
   IDATA SIZE       =   ----    ----
   BIT SIZE         =   ----    ----
END OF MODULE INFORMATION.


C51 COMPILATION COMPLETE.  0 WARNING(S),  0 ERROR(S)
