C51 COMPILER V9.52.0.0   TIMER01CHEDO2DIEUKHIENLED                                         03/03/2022 22:54:20 PAGE 1   


C51 COMPILER V9.52.0.0, COMPILATION OF MODULE TIMER01CHEDO2DIEUKHIENLED
OBJECT MODULE PLACED IN timer01CheDo2DieuKhienLed.OBJ
COMPILER INVOKED BY: C:\Keil\C51\BIN\C51.EXE timer01CheDo2DieuKhienLed.c BROWSE DEBUG OBJECTEXTEND TABS(2)

line level    source

   1          //LE MINH HUU 3/3/2022
   2          #include <REGX52.H>
   3          
   4          sbit led = P2^0;
   5          
   6          //TIMER 0 CHE DO 2 500Us ==> tinh gia tri th tl cho 100us va lap lai 5 lan
   7          //================================================
   8          //THACH ANH TAN SO 11.0592  t = 1.085
   9          //cd 2 la 8 bit 
  10          //100ms  => n = 100 / 1.085 = 92
  11          //256 - 92 = 164 ==> a4 hex
  12          ////ham tre 200us
  13          void delay11t0(){
  14   1        int lan;
  15   1        lan = 5;
  16   1        while(lan--){
  17   2          TMOD = 0x02;  // 0000 0010 timer 0 che do 2
  18   2          TL0 = 0xa4;
  19   2          TH0 = 0xa4;
  20   2          TR0 = 1;
  21   2          while(!TF0);
  22   2          TR0 = 0;
  23   2          TF0 = 0;
  24   2        }
  25   1      }
  26          //================================================
  27          
  28          //TIMER 0 CHE DO 2 500Us ==> tinh gia tri th tl cho 100us va lap lai 5 lan
  29          //================================================
  30          //THACH ANH TAN SO 20 t = 0.6
  31          //cd 2 la 8 bit 
  32          //100us  => n = 100 / 0.6666 = 166
  33          //256 - 166 = 90 ==> 5a hex
  34          ////ham tre 500us
  35          void delay20t0(){
  36   1        int lan;
  37   1        lan = 5;
  38   1        while(lan--){
  39   2          TMOD = 0x02;  // 0000 0010 timer 0 che do 2
  40   2          TL0 = 0x5a;
  41   2          TH0 = 0x5a;
  42   2          TR0 = 1;
  43   2          while(!TF0);
  44   2          TR0 = 0;
  45   2          TF0 = 0;
  46   2        }
  47   1      }
  48          
  49          //TIMER 0 CHE DO 2 500Us ==> tinh gia tri th tl cho 100us va lap lai 5 lan
  50          //================================================
  51          //THACH ANH TAN SO 12 t = 1
  52          //cd 2 la 8 bit 
  53          //100us  => n = 100 / 1 = 100
  54          //256 - 100 = 156 ==> 9c hex
  55          ////ham tre 500us
C51 COMPILER V9.52.0.0   TIMER01CHEDO2DIEUKHIENLED                                         03/03/2022 22:54:20 PAGE 2   

  56          void delay12t0(){
  57   1        int lan;
  58   1        lan = 5;
  59   1        while(lan--){
  60   2          TMOD = 0x02;  // 0000 0010 timer 0 che do 2
  61   2          TL0 = 0x9c;
  62   2          TH0 = 0x9c;
  63   2          TR0 = 1;
  64   2          while(!TF0);
  65   2          TR0 = 0;
  66   2          TF0 = 0;
  67   2        }
  68   1      }
  69          
  70          
  71          //TIMER 1 CHE DO 2 500Us ==> tinh gia tri th tl cho 100us va lap lai 5 lan
  72          //================================================
  73          //THACH ANH TAN SO 20 t = 0.6
  74          //cd 2 la 8 bit 
  75          //100us  => n = 100 / 0.6666 = 166
  76          //256 - 166 = 90 ==> 5a hex
  77          ////ham tre 500us
  78          void delay20t1(){
  79   1        int lan;
  80   1        lan = 5;
  81   1        while(lan--){
  82   2          TMOD = 0x20;  // 0010 0000 timer 1 che do 2
  83   2          TL1 = 0x5a;
  84   2          TH1 = 0x5a;
  85   2          TR1 = 1;
  86   2          while(!TF1);
  87   2          TR1 = 0;
  88   2          TF1 = 0;
  89   2        }
  90   1      }
  91          
  92          //TIMER 1 CHE DO 2 500Us ==> tinh gia tri th tl cho 100us va lap lai 5 lan
  93          //================================================
  94          //THACH ANH TAN SO 12 t = 1
  95          //cd 2 la 8 bit 
  96          //100us  => n = 100 / 1 = 100
  97          //256 - 100 = 156 ==> 9c hex
  98          ////ham tre 500us
  99          void delay12t1(){
 100   1        int lan;
 101   1        lan = 5;
 102   1        while(lan--){
 103   2          TMOD = 0x20;  // 0010 0000 timer 1 che do 2
 104   2          TL1 = 0x9c;
 105   2          TH1 = 0x9c;
 106   2          TR1 = 1;
 107   2          while(!TF1);
 108   2          TR1 = 0;
 109   2          TF1 = 0;
 110   2        }
 111   1      }
 112          
 113          //TIMER 1 CHE DO 2 500Us ==> tinh gia tri th tl cho 100us va lap lai 5 lan
 114          //================================================
 115          //THACH ANH TAN SO 11.0592  t = 1.085
 116          //cd 2 la 8 bit 
 117          //100ms  => n = 100 / 1.085 = 92
C51 COMPILER V9.52.0.0   TIMER01CHEDO2DIEUKHIENLED                                         03/03/2022 22:54:20 PAGE 3   

 118          //256 - 92 = 164 ==> a4 hex
 119          ////ham tre 500us
 120          void delay11t1(){
 121   1        int lan;
 122   1        lan = 5;
 123   1        while(lan--){
 124   2          TMOD = 0x02;  // 0010 0000 timer 0 che do 2
 125   2          TL1 = 0x00;
 126   2          TH1 = 0xa4;
 127   2          TR1 = 1;
 128   2          while(!TF1);
 129   2          TR1 = 0;
 130   2          TF1 = 0;
 131   2        }
 132   1      }
 133          
 134          void main(){
 135   1      led = 1;
 136   1        while(1){
 137   2          led = !led;
 138   2          delay11t0();
 139   2        }
 140   1      }


MODULE INFORMATION:   STATIC OVERLAYABLE
   CODE SIZE        =    219    ----
   CONSTANT SIZE    =   ----    ----
   XDATA SIZE       =   ----    ----
   PDATA SIZE       =   ----    ----
   DATA SIZE        =   ----    ----
   IDATA SIZE       =   ----    ----
   BIT SIZE         =   ----    ----
END OF MODULE INFORMATION.


C51 COMPILATION COMPLETE.  0 WARNING(S),  0 ERROR(S)
