C51 COMPILER V9.52.0.0   BAI5_LCD_16X2_128X64_8051                                         02/22/2023 22:29:35 PAGE 1   


C51 COMPILER V9.52.0.0, COMPILATION OF MODULE BAI5_LCD_16X2_128X64_8051
OBJECT MODULE PLACED IN .\Objects\bai5_lcd_16x2_128x64_8051.obj
COMPILER INVOKED BY: C:\Keil_v5\C51\BIN\C51.EXE bai5_lcd_16x2_128x64_8051.c OPTIMIZE(8,SPEED) BROWSE DEBUG OBJECTEXTEND 
                    -PRINT(.\Listings\bai5_lcd_16x2_128x64_8051.lst) TABS(2) OBJECT(.\Objects\bai5_lcd_16x2_128x64_8051.obj)

line level    source

   1          
   2          /*
   3          ******************************************************
   4          *time: 2023 
   5          *embedded 8051 by langauge c.
   6          *ex2: control display lcd16x2 and lcd 126x64
   7          *******************************************************
   8          */
   9          
  10          /*
  11           *
  12           8051 GLCD 128x64 Text character font
  13           http://www.electronicWings.com
  14           *
  15           */ 
  16          /*******************************************************************
  17            * @file     glcd.c
  18            * @author   MinhHaGroup
  19            * @version  V1.0.0
  20            * @date   
  21            * @brief    File cac ham de dieu khien LCD 128x64 mode 8 bit
  22          ********************************************************************/
  23          #include "main.h"
*** WARNING C318 IN LINE 49 OF main.h: can't open file 'DEF_8051.h'
*** WARNING C318 IN LINE 53 OF main.h: can't open file 'DELAY\delay.h'
*** WARNING C318 IN LINE 54 OF main.h: can't open file 'LCD1602\lcd1602.h'
*** WARNING C318 IN LINE 56 OF main.h: can't open file 'LED7\led7.h'
*** WARNING C318 IN LINE 57 OF main.h: can't open file 'MTP\mtp4x4.h'
*** WARNING C318 IN LINE 58 OF main.h: can't open file 'DS1820\ds18b20.h'
*** WARNING C318 IN LINE 59 OF main.h: can't open file 'UART\uart.h'
*** WARNING C318 IN LINE 61 OF main.h: can't open file 'KEY\key.h'
*** WARNING C318 IN LINE 64 OF main.h: can't open file 'ds1307/ds1307.h'
*** WARNING C318 IN LINE 65 OF main.h: can't open file 'EPP_24C08/24c08.h'
*** WARNING C318 IN LINE 66 OF main.h: can't open file 'PCF8591/PCF8591.H'
*** WARNING C318 IN LINE 67 OF main.h: can't open file 'tdef.h'
*** WARNING C318 IN LINE 68 OF main.h: can't open file 'TIMER/timer.h'
  24          
  25          void lcd_enable()
  26          {
  27   1        LCD_E = 1;
  28   1        delay_us(50);
*** WARNING C206 IN LINE 28 OF bai5_lcd_16x2_128x64_8051.c: 'delay_us': missing function-prototype
*** ERROR C267 IN LINE 28 OF bai5_lcd_16x2_128x64_8051.c: 'delay_us': requires ANSI-style prototype
  29   1        LCD_E = 0;
  30   1        delay_us(30);
  31   1      }
  32          // ==============================================================================
  33          
  34          void write_data_lcd(unsigned char WDLCD)
  35          {
  36   1        delay_us(200);            // LUU Y SU CAN THIET CUA KHOANG THOI GIAN DELAY NAY 
  37   1        LCD_RS = 1;
  38   1        LCD_RW = 0;
  39   1        LCD_Data = WDLCD;
C51 COMPILER V9.52.0.0   BAI5_LCD_16X2_128X64_8051                                         02/22/2023 22:29:35 PAGE 2   

*** ERROR C202 IN LINE 39 OF bai5_lcd_16x2_128x64_8051.c: 'LCD_Data': undefined identifier
  40   1        lcd_enable();
  41   1      }
  42          
  43          // ==============================================================================
  44          
  45          void write_command_lcd(unsigned char WCLCD) 
  46          {
  47   1        delay_us(200);            // LUU Y SU CAN THIET CUA KHOANG THOI GIAN DELAY NAY 
  48   1        LCD_RS = 0;
  49   1        LCD_RW = 0; 
  50   1        LCD_Data = WCLCD;
*** ERROR C202 IN LINE 50 OF bai5_lcd_16x2_128x64_8051.c: 'LCD_Data': undefined identifier
  51   1        lcd_enable();
  52   1      }
  53          
  54          // ==============================================================================
  55            
  56          // HAM KHOI TAO LCD ------------------------------------------------
  57          // MODE 8 bit ------------------------------------------------------
  58          void lcd_init(void)
  59          {
  60   1        // Function set
  61   1        write_command_lcd(0x30);          // Chon che do truyen 8 bit
  62   1        delay_us(150);                      // delay > 100us
  63   1        write_command_lcd(0x30);          // Chon che do truyen 8 bit
  64   1        delay_us(50);                       // delay > 37us
  65   1        
  66   1        // Display ON/OFF control
  67   1        write_command_lcd(0x0C);          // Cho phep hien thi ra LCD 128x64
  68   1        delay_us(120);                      // delay > 100us
  69   1        
  70   1        // Clear LCD
  71   1        write_command_lcd(0x01);          // Xoa man hinh     
  72   1        delay_ms(40);                       // delay > 10ms
  73   1        
  74   1        // Entry mode set
  75   1        write_command_lcd(0x06);          // Chon che do hien thi ki tu ra man hinh LCD 128x64 (Ki tu sau xuat hien b
             -en phai ki tu truoc)
  76   1      }
  77          // ==============================================================================
  78          
  79          void lcd_clear(void) 
  80          {
  81   1        write_command_lcd(0x01);
  82   1      }
  83          
  84          // ==============================================================================
  85          void lcd_putchar(unsigned char X, unsigned char Y, unsigned char DData)
  86          {
  87   1        if(Y<1)
  88   1          Y=1;
  89   1        if(Y>4)
  90   1          Y=4;
  91   1        X &= 0x0F; 
  92   1        switch(Y)
  93   1        {
  94   2          case 1:X|=0X80;break;
  95   2          case 2:X|=0X90;break;
  96   2          case 3:X|=0X88;break;
  97   2          case 4:X|=0X98;break;
  98   2        }
C51 COMPILER V9.52.0.0   BAI5_LCD_16X2_128X64_8051                                         02/22/2023 22:29:35 PAGE 3   

  99   1        write_command_lcd(X); 
 100   1        write_data_lcd(DData);
 101   1      }
 102          // ==============================================================================
 103          void lcd_puts(unsigned char X, unsigned char Y, unsigned char *DData)
 104          {
 105   1        unsigned char ListLength,X2;
 106   1      
 107   1        ListLength = 0;
 108   1        X2=X;
 109   1        if(Y<1)
 110   1          Y=1;
 111   1        if(Y>4)
 112   1          Y=4;
 113   1        X &= 0x0F; 
 114   1        switch(Y)
 115   1        {
 116   2          case 1:X2|=0X80;break;  
 117   2          case 2:X2|=0X90;break;
 118   2          case 3:X2|=0X88;break;
 119   2          case 4:X2|=0X98;break;
 120   2        }
 121   1        write_command_lcd(X2); 
 122   1        while (DData[ListLength]>=0x20) 
 123   1        {
 124   2          if (X <= 0x0F) 
 125   2          {
 126   3            write_data_lcd(DData[ListLength]);
 127   3            ListLength++;
 128   3            X++;
 129   3            delay_ms(5);
 130   3          }
 131   2        }
 132   1      }
 133          // ==============================================================================
 134          /*
 135          void lcd_display_image  (unsigned char *DData)
 136          {
 137            unsigned char x,y,i;
 138            unsigned int tmp=0;
 139            for(i=0;i<9;)
 140            {   
 141              for(x=0;x<32;x++)
 142              {       
 143                write_command_lcd(0x34);
 144                write_command_lcd((0x80+x));
 145                write_command_lcd((0x80+i));  
 146                write_command_lcd(0x30);    
 147                for(y=0;y<16;y++) 
 148                  write_data_lcd(DData[tmp+y]);
 149                tmp+=16;    
 150              }
 151              i+=8;
 152            }
 153              write_command_lcd(0x36);  
 154              write_command_lcd(0x30);
 155          }
 156          */
 157          /* -----------------END OF FILE---------------------------- */
 158          

C51 COMPILATION COMPLETE.  14 WARNING(S),  3 ERROR(S)
