C51 COMPILER V9.52.0.0   DIEUKHIEN8LEDDON                                                  01/17/2022 15:36:20 PAGE 1   


C51 COMPILER V9.52.0.0, COMPILATION OF MODULE DIEUKHIEN8LEDDON
OBJECT MODULE PLACED IN DieuKhien8LedDon.OBJ
COMPILER INVOKED BY: C:\Keil\C51\BIN\C51.EXE DieuKhien8LedDon.c BROWSE DEBUG OBJECTEXTEND TABS(2)

line level    source

   1          //POWER BY  LE MINH HUU - 17/1/2022
   2          //DIEU KHIEN LED DON 
   3          #include <REGX52.H>
   4          
   5          sbit Led1 = P2^0;
   6          sbit Led2 = P2^1;
   7          sbit Led3 = P2^2;
   8          sbit Led4 = P2^3;
   9          sbit Led5 = P2^4;
  10          sbit Led6 = P2^5;
  11          sbit Led7 = P2^6;
  12          sbit Led8 = P2^7;
  13          
  14          //sbit led[] = {Led1, Led2, Led3, Led4,  Led5, Led6,  Led7, Led8};
  15          char ledd[] = {0xfe, 0xfd, 0xfb, 0xf7, 0xef, 0xfd, 0xbf, 0x7f};//tung led sang lan luot tu chan 0 den 7 
  16          //            Led1, Led2, Led3, Led4,  Led5, Led6,  Led7, Led8 = 0
  17            
  18          
  19          void delay(int time){
  20   1        while(time--);
  21   1      }
  22          
  23          void vongFor(int lan){
  24   1        int i;
  25   1        int j;
  26   1        for(i = 0; i < lan; i++){//so lan
  27   2          for(j = 0; j < 8; j++){ //chay tu chan 0 den chan 7
  28   3            if(j % 2 == 0){ //nhung led chan sang
  29   4              P2 = ledd[j];  delay(10000);
  30   4            }
  31   3          }
  32   2          for(j = 0; j < 8; j++){ //chay tu chan 0 den chan 7
  33   3            if(j % 2 == 1){ //nhung led le sang
  34   4              P2 = ledd[j];  delay(10000);
  35   4            }
  36   3          }
  37   2        }
  38   1      }
  39          
  40          void vongFor1(int lan){
  41   1        int i;
  42   1        for(i = 0; i < lan; i++){
  43   2          
  44   2        }
  45   1      }
  46          
  47          
  48          void sangTraiPhai(int lan){
  49   1        int i;
  50   1        for(i = 0; i < lan; i++){
  51   2          Led1 = 0; delay(10000); Led1 = 1; delay(10000); 
  52   2          Led2 = 0; delay(10000); Led2 = 1; delay(10000); 
  53   2          Led3 = 0; delay(10000); Led3 = 1; delay(10000); 
  54   2          Led4 = 0; delay(10000); Led4 = 1; delay(10000); 
  55   2          Led5 = 0; delay(10000); Led5 = 1; delay(10000); 
C51 COMPILER V9.52.0.0   DIEUKHIEN8LEDDON                                                  01/17/2022 15:36:20 PAGE 2   

  56   2          Led6 = 0; delay(10000); Led6 = 1; delay(10000); 
  57   2          Led7 = 0; delay(10000); Led7 = 1; delay(10000); 
  58   2          Led8 = 0; delay(10000); Led8 = 1; delay(10000); 
  59   2        }
  60   1      }
  61          
  62          void phaiSangTrai(int lan){
  63   1        int i;
  64   1        for(i = 0; i < lan; i++){
  65   2          Led8 = 0; delay(10000); Led8 = 1; delay(10000); 
  66   2          Led7 = 0; delay(10000); Led7 = 1; delay(10000); 
  67   2          Led6 = 0; delay(10000); Led6 = 1; delay(10000); 
  68   2          Led5 = 0; delay(10000); Led5 = 1; delay(10000); 
  69   2          Led4 = 0; delay(10000); Led4 = 1; delay(10000); 
  70   2          Led3 = 0; delay(10000); Led3 = 1; delay(10000); 
  71   2          Led2 = 0; delay(10000); Led2 = 1; delay(10000); 
  72   2          Led1 = 0; delay(10000); Led1 = 1; delay(10000); 
  73   2        }
  74   1      }
  75          
  76          void blink(int lan){
  77   1        int i;
  78   1        for(i = 0; i < lan; i++){
  79   2          Led1 = Led2 = Led3 = Led4 = Led5 = Led6 = Led7 = Led8 = 1;
  80   2          delay(10000);
  81   2          Led1 = Led2 = Led3 = Led4 = Led5 = Led6 = Led7 = Led8 = 0;
  82   2          delay(10000);
  83   2        }
  84   1      }
  85          
  86          void giuaRaHaiBen(int lan){
  87   1        int i;
  88   1        for(i = 0; i < lan; i++){
  89   2          P2 = 0xe7; delay(10000);
  90   2          P2 = 0xc3; delay(10000);
  91   2          P2 = 0x81; delay(10000);
  92   2          P2 = 0x00; delay(10000);
  93   2          P2 = 0xe7; delay(10000);
  94   2          P2 = 0xdb; delay(10000);
  95   2          P2 = 0xbd; delay(10000);
  96   2          P2 = 0x7e; delay(10000);
  97   2          
  98   2        }
  99   1      }
 100          
 101          void main(){
 102   1        Led1 = Led2 = Led3 = Led4 = Led5 = Led6 = Led7 = Led8 = 1;
 103   1        while(1){
 104   2          vongFor(5);
 105   2          blink(5);
 106   2          sangTraiPhai(3); delay(10000);
 107   2          phaiSangTrai(3);  delay(10000);
 108   2          giuaRaHaiBen(3);  delay(10000);
 109   2        }
 110   1      }
 111            


MODULE INFORMATION:   STATIC OVERLAYABLE
   CODE SIZE        =    563    ----
   CONSTANT SIZE    =   ----    ----
   XDATA SIZE       =   ----    ----
C51 COMPILER V9.52.0.0   DIEUKHIEN8LEDDON                                                  01/17/2022 15:36:20 PAGE 3   

   PDATA SIZE       =   ----    ----
   DATA SIZE        =      8       2
   IDATA SIZE       =   ----    ----
   BIT SIZE         =   ----    ----
END OF MODULE INFORMATION.


C51 COMPILATION COMPLETE.  0 WARNING(S),  0 ERROR(S)
