C51 COMPILER V9.52.0.0   NGATNGOAIDIEUKHIENLEDBATTAT                                       03/06/2022 15:41:45 PAGE 1   


C51 COMPILER V9.52.0.0, COMPILATION OF MODULE NGATNGOAIDIEUKHIENLEDBATTAT
OBJECT MODULE PLACED IN ngatNgoaiDieuKhienLedBatTat.OBJ
COMPILER INVOKED BY: C:\Keil\C51\BIN\C51.EXE ngatNgoaiDieuKhienLedBatTat.c BROWSE DEBUG OBJECTEXTEND TABS(2)

line level    source

   1          //power by le minh huu 6/3/2022
   2          //NGAT NGOAI DIEU KHIEN LED
   3          //=======================================================
   4          //NGAT NGOAI 0 DIEU KHIEN LED THEO MUC: IT0 = 0;
   5          //ngat ngoai 1 cung tuong tu nhu ngat ngoai 0 chi khac vecto ngat, che do ngat, chan ngat
   6          /*
   7          #include <REGX52.H>
   8          
   9          //ham delay timer 0 cd 1
  10          void delay_ms(unsigned int time){
  11            while(time--){
  12              TMOD = 0x01;  //timer 0 che do 1
  13              TH0 =   0xfc;
  14              TL0 = 0x18;
  15              TR0 = 1;
  16              while(!TF0){};
  17              TR0 = 0;
  18              TF0 = 0;
  19            }
  20          }
  21          
  22          //ham ngat dao bat led chan p1.3
  23          void ngatngoai0() interrupt 0{  //vecto ngat 0: ngat ngoai 0. chan P3_2. INT0. IT0
  24            long time = 50000;
  25            P1_3 = 0;
  26            while(time--){};
  27            P1_3 = 1;
  28          }
  29          
  30          void main(){
  31            EX0 = 1;  //chon che do ngat: ngat ngoai 0
  32            EA = 1; //bat thanh ghi ngat
  33            IT0 = 0;  //ngat theo muc. (IT0 = 1 --> ngat theo suon). mac dinh la ngat theo muc
  34            while(1){
  35              P2 = 0; //bat led cong p2
  36              delay_ms(700);
  37              P2 = 0xff;  //tat led cong p2
  38              delay_ms(700);
  39            }
  40          }
  41          */
  42          //NGAT THEO MUC KHI GIU TRANG THAI THI VAN SE THUC HIEN CHUONG TRINH NGAT CHO DEN KHI KHONG GIU
  43          //NGAT THEO SUON SE CHI THUC HIEN LENH NGAT MOT LAN DUY NHAT KHI NHAN VA SE QUAY LAI CHUONG TRINH CHINH
  44          
  45          //=======================================================
  46          //NGAT NGOAI 0 DIEU KHIEN LED THEO SUON: IT0 = 0; --> chi khac theo muc la IT = 1
  47          //THEO MUC IT = 0
  48          //THEO SUON IT = 1;
  49          
  50          
  51          
  52          #include <REGX52.H>
  53          
  54          //ham delay timer 0 cd 1
  55          void delay_ms(unsigned int time){
C51 COMPILER V9.52.0.0   NGATNGOAIDIEUKHIENLEDBATTAT                                       03/06/2022 15:41:45 PAGE 2   

  56   1        while(time--){
  57   2          TMOD = 0x01;  //timer 0 che do 1
  58   2          TH0 =   0xfc;
  59   2          TL0 = 0x18;
  60   2          TR0 = 1;
  61   2          while(!TF0){};
  62   2          TR0 = 0;
  63   2          TF0 = 0;
  64   2        }
  65   1      }
  66          
  67          //ham ngat dao bat led chan p1.3
  68          void ngatngoai0() interrupt 0{  //vecto ngat 0: ngat ngoai 0. chan P3_2. INT0. IT0
  69   1        long time = 50000;
  70   1        P1_3 = 0;
  71   1        while(time--){};
  72   1        P1_3 = 1;
  73   1      }
  74          
  75          void main(){
  76   1        EX0 = 1;  //chon che do ngat: ngat ngoai 0
  77   1        EA = 1; //bat thanh ghi ngat
  78   1        IT0 = 1;  //ngat theo suon. (IT0 = 0 --> ngat theo muc). mac dinh la ngat theo muc
  79   1        while(1){
  80   2          P2 = 0; //bat led cong p2
  81   2          delay_ms(700);
  82   2          P2 = 0xff;  //tat led cong p2
  83   2          delay_ms(700);
  84   2        }
  85   1      }


MODULE INFORMATION:   STATIC OVERLAYABLE
   CODE SIZE        =    120    ----
   CONSTANT SIZE    =   ----    ----
   XDATA SIZE       =   ----    ----
   PDATA SIZE       =   ----    ----
   DATA SIZE        =   ----       4
   IDATA SIZE       =   ----    ----
   BIT SIZE         =   ----    ----
END OF MODULE INFORMATION.


C51 COMPILATION COMPLETE.  0 WARNING(S),  0 ERROR(S)
