C51 COMPILER V9.52.0.0   NHUNG8051DIEUKHIENLEDDON                                          05/18/2022 18:15:10 PAGE 1   


C51 COMPILER V9.52.0.0, COMPILATION OF MODULE NHUNG8051DIEUKHIENLEDDON
OBJECT MODULE PLACED IN Nhung8051DieuKhienLedDon.OBJ
COMPILER INVOKED BY: C:\Keil\C51\BIN\C51.EXE Nhung8051DieuKhienLedDon.c BROWSE DEBUG OBJECTEXTEND TABS(2)

line level    source

   1          /*
   2          lap trinh dieu khien led PORT 2 dieu khien muc thap (muc 0)
   3          1.1. chay tu d8 den d1, tat tu d8 den d1
   4          1.2. sang giu trang thai tu  d8 den d1 tat tu d1 den d8
   5          1.3. sang chay tu 2 ben vao giua va sang giu tu 2 ben vao giua
   6          
   7          2.1 chay tu d1 den d8 tat tu d1 den d8
   8          2.2 giu trang thai tu d1 den d8 va tat tu d8 den d1
   9          2.3 sang tu giua ra hai ben va giu trang thai 
  10          */
  11          //=================================================
  12          //bai 1 SU DUNG CACH TRUY XUAT BIT THONG THUONG
  13          
  14          #include <regx52.h>
  15          void delay(int time){
  16   1      while(time--){}
  17   1      }
  18          //sang chay
  19          void sangD1D8(){
  20   1        P2_0 = 0; delay(10000); P2_0 = 1;
  21   1        P2_1 = 0; delay(10000); P2_1 = 1;
  22   1        P2_2 = 0; delay(10000); P2_2 = 1;
  23   1        P2_3 = 0; delay(10000); P2_3 = 1;
  24   1        P2_4 = 0; delay(10000); P2_4 = 1;
  25   1        P2_5 = 0; delay(10000); P2_5 = 1;
  26   1        P2_6 = 0; delay(10000); P2_6 = 1;
  27   1        P2_7 = 0; delay(10000); P2_7 = 1;
  28   1      }
  29          
  30          void sangD8D1(){
  31   1          P2_7 = 0; delay(10000); P2_7 = 1;
  32   1          P2_6 = 0; delay(10000); P2_6 = 1;
  33   1          P2_5 = 0; delay(10000); P2_5 = 1;
  34   1          P2_4 = 0; delay(10000); P2_4 = 1;
  35   1          P2_3 = 0; delay(10000); P2_3 = 1;
  36   1          P2_2 = 0; delay(10000); P2_2 = 1;
  37   1          P2_1 = 0; delay(10000); P2_1 = 1;
  38   1          P2_0 = 0; delay(10000); P2_0 = 1;
  39   1      
  40   1      }
  41          //sang giu trang thai
  42          void sangGiuD1D8(){
  43   1        P2_0 = 0; delay(10000); 
  44   1        P2_1 = 0; delay(10000); 
  45   1        P2_2 = 0; delay(10000); 
  46   1        P2_3 = 0; delay(10000); 
  47   1        P2_4 = 0; delay(10000); 
  48   1        P2_5 = 0; delay(10000); 
  49   1        P2_6 = 0; delay(10000); 
  50   1        P2_7 = 0; delay(10000);
  51   1        P2 = 0xff;
  52   1      }
  53          
  54          void sangGiuD8D1(){ 
  55   1          P2_7 = 0; delay(10000); 
C51 COMPILER V9.52.0.0   NHUNG8051DIEUKHIENLEDDON                                          05/18/2022 18:15:10 PAGE 2   

  56   1          P2_6 = 0; delay(10000); 
  57   1          P2_5 = 0; delay(10000); 
  58   1          P2_4 = 0; delay(10000); 
  59   1          P2_3 = 0; delay(10000); 
  60   1          P2_2 = 0; delay(10000); 
  61   1          P2_1 = 0; delay(10000); 
  62   1          P2_0 = 0; delay(10000); 
  63   1          P2 = 0xff;
  64   1      }
  65            //sang tu 2 ben vao giua
  66          void sangchay2Ben(){
  67   1        P2_7 = P2_0 = 0; delay(10000); P2_7 = P2_0 = 1;
  68   1        P2_6 = P2_1 = 0; delay(10000); P2_6 = P2_1 = 1;
  69   1        P2_5 = P2_2 = 0; delay(10000); P2_5 = P2_2 = 1;
  70   1        P2_4 = P2_3 = 0; delay(10000); P2_4 = P2_3 = 1;
  71   1      }
  72          
  73          void sangGiu2Ben(){
  74   1        P2_7 = P2_0 = 0; delay(10000); 
  75   1        P2_6 = P2_1 = 0; delay(10000); 
  76   1        P2_5 = P2_2 = 0; delay(10000); 
  77   1        P2_4 = P2_3 = 0; delay(10000); 
  78   1      }
  79          void main(){
  80   1      P2 = 0xff;  //cho port 2 bang 1
  81   1        while(1){
  82   2          sangD1D8();
  83   2          sangD8D1();
  84   2          sangGiuD1D8();
  85   2          sangGiuD8D1();
  86   2          sangchay2Ben();
  87   2          sangGiu2Ben();
  88   2        }
  89   1      }
  90          


MODULE INFORMATION:   STATIC OVERLAYABLE
   CODE SIZE        =    308    ----
   CONSTANT SIZE    =   ----    ----
   XDATA SIZE       =   ----    ----
   PDATA SIZE       =   ----    ----
   DATA SIZE        =   ----    ----
   IDATA SIZE       =   ----    ----
   BIT SIZE         =   ----    ----
END OF MODULE INFORMATION.


C51 COMPILATION COMPLETE.  0 WARNING(S),  0 ERROR(S)
