C51 COMPILER V9.52.0.0   DONGHOTHOIGIANTHUCTIMER                                           02/19/2022 00:22:39 PAGE 1   


C51 COMPILER V9.52.0.0, COMPILATION OF MODULE DONGHOTHOIGIANTHUCTIMER
OBJECT MODULE PLACED IN dongHoThoiGianThucTimer.OBJ
COMPILER INVOKED BY: C:\Keil\C51\BIN\C51.EXE dongHoThoiGianThucTimer.c BROWSE DEBUG OBJECTEXTEND TABS(2)

line level    source

   1          //power by le minh huu 17/2/2022
   2          //ung dung timer lap trinh dong ho thoi gian thuc
   3          #include <REGX52.H>
   4          
   5          //khai bao lenh tien xu ly
   6          #define on 0
   7          #define off 1
   8          #define led1 P2_0 
   9          #define led2 P2_1
  10          #define led3 P2_2
  11          #define led4 P2_3
  12          //#define led_don P2_4
  13          #define button_second P2_5
  14          #define button_hour P2_6
  15          
  16          //mang so tu 0 den 9
  17          char so[] = {0x40, 0x79, 0x24, 0x30, 0x19, 0x12, 0x02, 0x78, 0x00, 0x10};
  18          //unsigned char hour, second;
  19          
  20            
  21          //ham tre 1ms thoi gian thuc timer 0 che do 1 thach anh 11.0592, chu ky la 1.085
  22          /*  1ms = 1000 us. 1000 / 1.085 =  
  23              65 536 - 921 = 64 615 -> fc67
  24            */
  25          void delay_ms(unsigned char ms){
  26   1        int j;
  27   1        for(j = 0; j < ms; j++){
  28   2          TMOD = 0x01;  //timer 0 che do 1
  29   2          TH0 = 0xfc ;
  30   2          TL0 = 0x18;
  31   2          
  32   2          TR0 = 1;
  33   2          while(!TF0);
  34   2          TF0 = 0;
  35   2          TR0 = 0;
  36   2        }
  37   1      }
  38          //ham hien thi gio phut 
  39          void hienThi(unsigned char gio, unsigned char phut){
  40   1      unsigned char donVi0, donVi1, chuc0, chuc1, i;
  41   1        donVi0=  gio % 10;
  42   1        chuc0 = gio / 10;
  43   1        donVi1 = phut % 10;
  44   1        chuc1 = phut / 10;
  45   1        //thuc hien dem: tinh so delay trong moi cau lenh de dat gia tri i. sao cho timer dung 1s
  46   1        //i <25 vi trong vong for delay 4 lan 10ms => co 40ms trong vong for. 
  47   1        //cho vong for chay 25 lan => tong so thoi gian delay: 40 x 25 = 1000ms = 1s.
  48   1        for(i = 0; i < 25; i++){
  49   2          led1 = on; P0 = so[chuc0];  delay_ms(10); led1 = off;
  50   2          led2 = on; P0 = so[donVi0]; delay_ms(10); led2 = off;
  51   2          led3 = on; P0 = so[chuc1];  delay_ms(10); led3 = off;
  52   2          led4 = on; P0 = so[donVi1]; delay_ms(10); led4 = off;
  53   2        }
  54   1      }
  55          //ham main chuong  trinh chinh
C51 COMPILER V9.52.0.0   DONGHOTHOIGIANTHUCTIMER                                           02/19/2022 00:22:39 PAGE 2   

  56          void main(){
  57   1        unsigned char gio = 0, phut =  0, giay = 0;
  58   1        P2_4 = 0;
  59   1        while(1){
  60   2          P2_4 = ~ P2_4;
  61   2           giay++;
  62   2          hienThi(gio, phut);
  63   2          if(giay == 59) phut++;
  64   2          if(phut == 59) gio++;
  65   2          if(button_hour == 0) gio++;
  66   2          if(button_second == 0) phut++;
  67   2          if(giay > 59) giay =0;
  68   2          if(phut > 59) phut = 0;
  69   2          if(gio > 23) gio = 0;
  70   2        }
  71   1      } 


MODULE INFORMATION:   STATIC OVERLAYABLE
   CODE SIZE        =    204    ----
   CONSTANT SIZE    =   ----    ----
   XDATA SIZE       =   ----    ----
   PDATA SIZE       =   ----    ----
   DATA SIZE        =     10       5
   IDATA SIZE       =   ----    ----
   BIT SIZE         =   ----    ----
END OF MODULE INFORMATION.


C51 COMPILATION COMPLETE.  0 WARNING(S),  0 ERROR(S)
