C51 COMPILER V9.01   KEY                                                                   10/13/2014 09:05:31 PAGE 1   


C51 COMPILER V9.01, COMPILATION OF MODULE KEY
OBJECT MODULE PLACED IN key.obj
COMPILER INVOKED BY: C:\Keil\C51\BIN\C51.EXE KEY\key.c BROWSE DEBUG OBJECTEXTEND PRINT(.\key.lst) TABS(2) OBJECT(key.obj
                    -)

line level    source

   1          #include "key.h"
   2          unsigned int get_key(void)
   3          {
   4   1          KEY0=KEY1=KEY2=KEY3=1;
   5   1          if(!KEY0)
   6   1          {
   7   2              delay_ms(10);
   8   2              if(!KEY0)
   9   2              return 1;
  10   2          }
  11   1          if(!KEY1)
  12   1          {
  13   2              delay_ms(10);
  14   2              if(!KEY1)
  15   2              return 2;
  16   2          }
  17   1          if(!KEY2)
  18   1          {
  19   2              delay_ms(10);
  20   2              if(!KEY2)
  21   2              return 3;
  22   2          }
  23   1          if(!KEY3)
  24   1          {
  25   2              delay_ms(10);
  26   2              if(!KEY3)
  27   2              return 4;
  28   2          }
  29   1          return 0;
  30   1      }


MODULE INFORMATION:   STATIC OVERLAYABLE
   CODE SIZE        =     84    ----
   CONSTANT SIZE    =   ----    ----
   XDATA SIZE       =   ----    ----
   PDATA SIZE       =   ----    ----
   DATA SIZE        =   ----    ----
   IDATA SIZE       =   ----    ----
   BIT SIZE         =   ----    ----
END OF MODULE INFORMATION.


C51 COMPILATION COMPLETE.  0 WARNING(S),  0 ERROR(S)
