C51 COMPILER V9.52.0.0   KIEMTRADIEUKHIENLEDBLINK                                          03/04/2022 07:43:59 PAGE 1   


C51 COMPILER V9.52.0.0, COMPILATION OF MODULE KIEMTRADIEUKHIENLEDBLINK
OBJECT MODULE PLACED IN kiemTraDieuKhienLedBlink.OBJ
COMPILER INVOKED BY: C:\Keil\C51\BIN\C51.EXE kiemTraDieuKhienLedBlink.c BROWSE DEBUG OBJECTEXTEND TABS(2)

line level    source

   1          //POWER BY LE MINH HUU 4/3/2022
   2          //KIEM TRA CAU 1: DIEU KHIEN LED DON
   3          #include <REGX52.H>
   4          
   5          sbit led = P2^0;
   6          
   7          //==============================================
   8          //ham delay timer 0 che do 1 ts 12mhz tre 2ms
   9          //2ms = 2000 us. n = 65 536 - 2000 = 63 536 ==> f830 hex
  10          void delay_12mhz(){
  11   1        TMOD = 0x01;  //timer 0 cd 1
  12   1        TH0 = 0xf8;
  13   1        TL0 = 0x30;
  14   1        TR0 = 1;
  15   1        while(!TF0);
  16   1        TR0 = 0;
  17   1        TF0 = 0;
  18   1      }
  19          //==============================================
  20          //ham delay timer 1 che do 2 ts 20mhz tre 1us
  21          //t = 0.6, 1 /0.6 = 1.  n = 256 - 1 = 255.  ==> ff hex
  22          void delay_20mhz(){
  23   1        TMOD = 0x20;  //timer 1 cd 2
  24   1        TL1 = 0xff;
  25   1        TH1 = 0xff;
  26   1        TR1 = 1;
  27   1        while(!TF1);
  28   1        TR1 = 0;
  29   1        TF1 = 0;
  30   1      }
  31          //==============================================
  32          void main(){
  33   1      led = 1; //tat led
  34   1        while(1){
  35   2          led = ~led;
  36   2          //tre 2ms voi timer 0 cd 1 ts 12mhz
  37   2          delay_12mhz();
  38   2          //tre 1us voi timer 1 cd 2 ts 20mhz
  39   2          delay_20mhz();
  40   2        }
  41   1      }
  42          


MODULE INFORMATION:   STATIC OVERLAYABLE
   CODE SIZE        =     50    ----
   CONSTANT SIZE    =   ----    ----
   XDATA SIZE       =   ----    ----
   PDATA SIZE       =   ----    ----
   DATA SIZE        =   ----    ----
   IDATA SIZE       =   ----    ----
   BIT SIZE         =   ----    ----
END OF MODULE INFORMATION.


C51 COMPILATION COMPLETE.  0 WARNING(S),  0 ERROR(S)
