C51 COMPILER V9.52.0.0   BLINK_8_LED                                                       01/03/2022 07:52:22 PAGE 1   


C51 COMPILER V9.52.0.0, COMPILATION OF MODULE BLINK_8_LED
OBJECT MODULE PLACED IN blink_8_led.OBJ
COMPILER INVOKED BY: C:\Keil\C51\BIN\C51.EXE blink_8_led.c BROWSE DEBUG OBJECTEXTEND TABS(2)

line level    source

   1          /*
   2          bai tap nhay 8 led dung at89c52
   3          vkd 8051 hoat dong o muc thap
   4          */
   5          #include <regx52.h>
   6          
   7          int demphai = 0;
   8          sbit led1 = P0^0 ;
   9          sbit led2 = P0^1 ;
  10          sbit led3 = P0^2 ;
  11          sbit led4 = P0^3 ;
  12          sbit led5 = P0^4 ;
  13          sbit led6 = P0^5 ;
  14          sbit led7 = P0^6 ;
  15          sbit led8 = P0^7 ;
  16          
  17          sbit led11 = P2^0 ;
  18          sbit led22 = P2^1 ;
  19          sbit led33 = P2^2 ;
  20          sbit led44 = P2^3 ;
  21          sbit led55 = P2^4 ;
  22          sbit led66 = P2^5 ;
  23          sbit led77 = P2^6 ;
  24          sbit led88 = P2^7 ;
  25          
  26          
  27          void delay(int time){
  28   1        while(time--);
  29   1      }
  30          //nhay xin nhan phai
  31          void xinnhanphai(int lan){
  32   1        while(lan--){
  33   2              led1 = 0; delay(2000);  
  34   2              led2 = 0; delay(2500);  
  35   2              led3 = 0; delay(3000);  
  36   2              led4 = 0; delay(3500);  
  37   2              led5 = 0; delay(4000);  
  38   2              led6 = 0; delay(4500);  
  39   2              led7 = 0; delay(5000);  
  40   2              led8 = 0; delay(5500);  
  41   2              led1 = led2 = led3 = led4 = led5 = led6 = led7 = led8 = 1;
  42   2            delay(5000);
  43   2        }   
  44   1      }
  45          //nhay xin nhan trai
  46          void xinnhantrai(){
  47   1          int demtrai = 1;
  48   1          delay(5000);
  49   1          led11 = 0;  delay(2000);  
  50   1          led22 = 0;  delay(2500);  
  51   1          led33 = 0;  delay(3000);  
  52   1          led44 = 0;  delay(3500);  
  53   1          led55 = 0;  delay(4000);  
  54   1          led66 = 0;  delay(4500);  
  55   1          led77 = 0;  delay(5000);  
C51 COMPILER V9.52.0.0   BLINK_8_LED                                                       01/03/2022 07:52:22 PAGE 2   

  56   1          led88 = 0;  delay(5500);  
  57   1          led11 = led22 = led33 = led44 = led55 = led66 = led77 = led88 = 1;
  58   1          //kiem tra nut bam nhan trai p1_1
  59   1          if(P1_1 == 0){  //p1_1 = 0 la bam nut
  60   2            delay(200); //tao do tre khi bam nut
  61   2            if(P1_1 ==0)  //kiem tra lai mot lan nua
  62   2              demtrai++;
  63   2              if(demtrai == 0 ) demtrai = 1;  //neu bam 3 lan thi dem se qua lai  1
  64   2          }
  65   1          if(demtrai == 2){ //bat xin nhan
  66   2            xinnhantrai();    //cho nay nhu kieu de quy y
*** WARNING C265 IN LINE 66 OF blink_8_led.c: 'xinnhantrai': recursive call to non-reentrant function
  67   2            delay(1000);  
  68   2          }else  led11 = led22 = led33 = led44 = led55 = led66 = led77 = led88 = 1; //tat xin nhan
  69   1          
  70   1      }
  71          
  72          void main(void){
  73   1        int lan;
  74   1        while(1){
  75   2            
  76   2      
  77   2        }
  78   1      }
*** WARNING C280 IN LINE 73 OF blink_8_led.c: 'lan': unreferenced local variable


MODULE INFORMATION:   STATIC OVERLAYABLE
   CODE SIZE        =    270    ----
   CONSTANT SIZE    =   ----    ----
   XDATA SIZE       =   ----    ----
   PDATA SIZE       =   ----    ----
   DATA SIZE        =      2       2
   IDATA SIZE       =   ----    ----
   BIT SIZE         =   ----    ----
END OF MODULE INFORMATION.


C51 COMPILATION COMPLETE.  2 WARNING(S),  0 ERROR(S)
