C51 COMPILER V9.52.0.0   DS1302                                                            07/21/2014 18:14:12 PAGE 1   


C51 COMPILER V9.52.0.0, COMPILATION OF MODULE DS1302
OBJECT MODULE PLACED IN ds1302.obj
COMPILER INVOKED BY: C:\Keil_v5\C51\BIN\C51.EXE ds1302\ds1302.c BROWSE DEBUG OBJECTEXTEND PRINT(.\ds1302.lst) TABS(2) OB
                    -JECT(ds1302.obj)

line level    source

   1          /**
   2            ******************************************************************************
   3            * Ten Tep      :        ds1302.c
   4            * Tac Gia      :        Nguyen Quy Nhat
   5            * Cong Ty      :        MinhHaGroup
   6            * Website      :        BanLinhKien.Vn
   7            * Phien Ban    :        V1.0.0
   8            * Ngay         :        31-07-2012
   9            * Tom Tat      :        Dinh nghia cac ham dieu khien ds1302.
  10            *           
  11            *
  12            ******************************************************************************
  13            * Chu Y        :   Phai dinh nghia cac chan su dung cho DS1302 vao ham main.h
  14            *                  DS1302_DATA_IN_DS1302_DATA_OUT,DS1302_CLK,DS1302_RST.
  15                                             PIC       AVR       8051
  16          #define         DS1302_DATA_IN     PINB0     PINB.0    P2_0
  17          #define         DS1302_DATA_OUT    PORTB0    PORTB.0   P2_0
  18          #define         DS1302_CLK         PORTB1    PORTB.1   P2_1
  19          #define         DS1302_RST         PORTB2    PORTB.2   P2_2
  20                         Voi PIC va AVR can dinh nghia them huong du lieu.
  21                                             PIC       AVR       8051
  22          #define         DS1302_DDR_DATA    DDRB0     DDRB.0    P2_0                     
  23            ******************************************************************************
  24            */
  25          /*********************************** VI DU ************************************
  26              uint8_t hour,minute,second,day,date,month,year;
  27              DS1302_Init();
  28            DS1302_SetTime(hour,minute,second);
  29            DS1302_SetDate(day,date,month,year);
  30            ........
  31              DS1302_GetTime(&hour),&minute,&second);
  32            DS1302_GetDate(&day,&date,&month,&year);
  33          *******************************************************************************/  
  34          
  35          #include "ds1302.h"
  36          void DS1302_WriteByte(uint8_t Data) 
  37          { 
  38   1          uint8_t i;
  39   1         //SET Chan DS1302_IO la cong ra de viet du lieu
  40   1        DS1302_DDR_DATA=DDROUT;
  41   1          delay_us(10);
  42   1          for(i=0; i<8;i++)
  43   1          {
  44   2            DS1302_DATA_OUT=Data&0x01;
  45   2            Data>>=1;
  46   2            DS1302_CLK=1;
  47   2            DS1302_CLK=0;
  48   2          } 
  49   1      }
  50          void DS1302_Write(uint8_t Addr, uint8_t Data)
  51          {
  52   1          Data=(Data/10)*16|(Data%10);
  53   1          DS1302_RST = 1;
  54   1          DS1302_WriteByte(Addr);      
C51 COMPILER V9.52.0.0   DS1302                                                            07/21/2014 18:14:12 PAGE 2   

  55   1          DS1302_WriteByte(Data);       
  56   1          DS1302_RST = 0;
  57   1      } 
  58          uint8_t DS1302_Read(uint8_t  cmd) {
  59   1         uint8_t i=0,Data=0,temp=0;
  60   1         DS1302_RST=1;
  61   1         DS1302_WriteByte(cmd);
  62   1         //SET Chan DS1302_IO la cong vao de doc du lieu
  63   1         DS1302_DDR_DATA=DDRIN;
  64   1         temp=DS1302_DATA_IN;
  65   1         delay_us(1);       
  66   1         for(i=0;i<=7;++i) 
  67   1         {
  68   2         temp=DS1302_DATA_IN;
  69   2         Data|=(temp<<i);
  70   2          DS1302_CLK=1;
  71   2          delay_us(2);
  72   2          DS1302_CLK=0;
  73   2          delay_us(2);
  74   2         }
  75   1         DS1302_RST=0;
  76   1         Data=(Data/16)*10+(Data&0x0f);
  77   1         return(Data);
  78   1      }
  79          void DS1302_Init()
  80          {
  81   1         uint8_t x;
  82   1         DS1302_RST=0;
  83   1         delay_us(2);
  84   1         DS1302_CLK=0;
  85   1         DS1302_Write(0x8e,0);
  86   1         DS1302_Write(0x90,0xa4);
  87   1         x=DS1302_Read(0x81);
  88   1         if((x & 0x80)!=0)
  89   1         DS1302_Write(0x80,0);
  90   1      }
  91          
  92          void DS1302_SetTime(uint8_t hour,uint8_t minute,uint8_t second)
  93          {
  94   1         DS1302_Write(0x80,second);
  95   1         DS1302_Write(0x82,minute);
  96   1         DS1302_Write(0x84,hour);
  97   1      }
  98          void DS1302_SetDate(uint8_t day, uint8_t date, uint8_t month, uint8_t year)
  99          {
 100   1         DS1302_Write(0x86,date);
 101   1         DS1302_Write(0x88,month);
 102   1         DS1302_Write(0x8A,day);
 103   1         DS1302_Write(0x8C,year);
 104   1      }
 105          void DS1302_GetTime(uint8_t *hour,uint8_t *minute,uint8_t *second)
 106          {
 107   1         *second=DS1302_Read(0x81);
 108   1         *minute=DS1302_Read(0x83);
 109   1         *hour=DS1302_Read(0x85);
 110   1      }
 111          void DS1302_GetDate(uint8_t *day, uint8_t *date, uint8_t *month, uint8_t *year)
 112          {
 113   1         *date=DS1302_Read(0x87);
 114   1         *month=DS1302_Read(0x89);
 115   1         *day=DS1302_Read(0x8B);
 116   1         *year=DS1302_Read(0x8D);
C51 COMPILER V9.52.0.0   DS1302                                                            07/21/2014 18:14:12 PAGE 3   

 117   1      }


MODULE INFORMATION:   STATIC OVERLAYABLE
   CODE SIZE        =    382    ----
   CONSTANT SIZE    =   ----    ----
   XDATA SIZE       =   ----    ----
   PDATA SIZE       =   ----    ----
   DATA SIZE        =   ----      32
   IDATA SIZE       =   ----    ----
   BIT SIZE         =   ----    ----
END OF MODULE INFORMATION.


C51 COMPILATION COMPLETE.  0 WARNING(S),  0 ERROR(S)
