C51 COMPILER V9.52.0.0   BAI3LEDNHAYTRAITIM                                                01/03/2022 07:58:39 PAGE 1   


C51 COMPILER V9.52.0.0, COMPILATION OF MODULE BAI3LEDNHAYTRAITIM
OBJECT MODULE PLACED IN bai3LedNhayTraiTim.OBJ
COMPILER INVOKED BY: C:\Keil\C51\BIN\C51.EXE bai3LedNhayTraiTim.c BROWSE DEBUG OBJECTEXTEND TABS(2)

line level    source

   1          #include <REGX51.h>
   2          
   3          //Le Minh Huu ngay 30/10/2021
   4          void delay(int time){
   5   1        while(time--);
   6   1      }
   7          
   8          void blink(){
   9   1        while(1){
  10   2          P0 = P1 = P2 = P3 = 0;
  11   2          delay(5000);
  12   2          P0 = P1 = P2 = P3 = 0xff;
  13   2          delay(5000);
  14   2        }
  15   1      }
  16          void main(){
  17   1        while(1){
  18   2          blink();
  19   2        }
  20   1      }


MODULE INFORMATION:   STATIC OVERLAYABLE
   CODE SIZE        =     53    ----
   CONSTANT SIZE    =   ----    ----
   XDATA SIZE       =   ----    ----
   PDATA SIZE       =   ----    ----
   DATA SIZE        =   ----    ----
   IDATA SIZE       =   ----    ----
   BIT SIZE         =   ----    ----
END OF MODULE INFORMATION.


C51 COMPILATION COMPLETE.  0 WARNING(S),  0 ERROR(S)
