C51 COMPILER V9.52.0.0   COUNTER1DEMXUNGTUIC555                                            03/18/2022 09:19:45 PAGE 1   


C51 COMPILER V9.52.0.0, COMPILATION OF MODULE COUNTER1DEMXUNGTUIC555
OBJECT MODULE PLACED IN counter1DemXungTuIc555.OBJ
COMPILER INVOKED BY: C:\Keil\C51\BIN\C51.EXE counter1DemXungTuIc555.c BROWSE DEBUG OBJECTEXTEND TABS(2)

line level    source

   1          //dem xung tu chan P3.3 counter 1, INT1.
   2          //power by le minh huu 18/3/2022
   3          #include <REGX52.H>
   4          
   5          char so[] = {0x40, 0x79, 0x24, 0x30, 0x19, 0x12, 0x02, 0x78, 0x00, 0x10};
   6          unsigned int count = 0;
   7          
   8          void delay(unsigned int time){
   9   1        while(time--);
  10   1      }
  11          
  12          void main(){
  13   1        TMOD = TMOD & 0xf0; //xoa gia tri cu trong thanh ghi
  14   1        TMOD = TMOD | 0x50;   //counter 1 che do 1
  15   1        TH1 = 0x00; //gan dem chay tu dau
  16   1        TL1 = 0x00;
  17   1        TR1 = 1;  //khoi dong bo dinh thoi
  18   1        while(1){
  19   2          count = TH1 | TL1 << 8; 
  20   2          P0 = so[count];
  21   2          delay(1000);
  22   2          if(count == 10) count = 0;
  23   2        }
  24   1      }


MODULE INFORMATION:   STATIC OVERLAYABLE
   CODE SIZE        =     61    ----
   CONSTANT SIZE    =   ----    ----
   XDATA SIZE       =   ----    ----
   PDATA SIZE       =   ----    ----
   DATA SIZE        =     12    ----
   IDATA SIZE       =   ----    ----
   BIT SIZE         =   ----    ----
END OF MODULE INFORMATION.


C51 COMPILATION COMPLETE.  0 WARNING(S),  0 ERROR(S)
