C51 COMPILER V9.52.0.0   TIMERDIEUKHIENLEDDON                                              05/19/2022 06:16:37 PAGE 1   


C51 COMPILER V9.52.0.0, COMPILATION OF MODULE TIMERDIEUKHIENLEDDON
OBJECT MODULE PLACED IN timerDieuKhienLedDon.OBJ
COMPILER INVOKED BY: C:\Keil\C51\BIN\C51.EXE timerDieuKhienLedDon.c BROWSE DEBUG OBJECTEXTEND TABS(2)

line level    source

   1          /*
   2          power by Le Minh Huu 2k2 @copyright 19/5/2022
   3          lap trinh timer dieu khien 8 led don
   4          1. tao tre 3s
   5          2. tre 5s timer 0 cd 1 ta 20mhz
   6          3. tre 5s timer 0 cd 1 ta 11, 0592
   7          4. 3s timer 0 cd 1 ta 12
   8          5. 3s timer 0 cd 1 ta 20
   9          */
  10          #include <REGX52.H>
  11          
  12          //void delay(unsigned int time){
  13          //  while(time--){}
  14          //}
  15          
  16          //2. tre 5s timer 0 cd 1 ta 20mhz. 5s = 5000ms. ta 20 --> t = 0.6. tinh 5ms = 5000us. 5000/0.6 = 8333
  17          //65536 - 8333 =  57203 --> df73. 1000/ 0.6 = 1666
  18          void delay1(int time){
  19   1        while(time--){
  20   2          TMOD = 0x01;  //timer 0 cd1. 0000 0001
  21   2          TH0 = 0xdf;
  22   2          TL0 = 0x73;
  23   2          TR0 = 1;
  24   2           while(!TF0){}
  25   2          TR0 = 0;
  26   2          TF0 = 0;
  27   2        }
  28   1      }
  29          //5S TIMER 0 CD 1 TA 11.0592. T = 1.085. 5S = 5000MS, 5MS = 5000US, N = 5000/1.085 = 4608 
  30          //65536 - 4600 = EE08
  31          void delay2(int time){
  32   1        while(time--){
  33   2          TMOD = 0x01;  //timer 0 cd1. 0000 0001
  34   2          TH0 = 0xEE;
  35   2          TL0 = 0x08;
  36   2          TR0 = 1;
  37   2           while(!TF0){}
  38   2          TR0 = 0;
  39   2          TF0 = 0;
  40   2        }
  41   1      }
  42          void delay3(int time){
  43   1        while(time--){
  44   2          TMOD = 0x01;  //timer 0 cd1. 0000 0001
  45   2          TH0 = 0x00;
  46   2          TL0 = 0x00;
  47   2          TR0 = 1;
  48   2           while(!TF0){}
  49   2          TR0 = 0;
  50   2          TF0 = 0;
  51   2        }
  52   1      }
  53          void delay4(int time){
  54   1        while(time--){
  55   2          TMOD = 0x01;  //timer 0 cd1. 0000 0001
C51 COMPILER V9.52.0.0   TIMERDIEUKHIENLEDDON                                              05/19/2022 06:16:37 PAGE 2   

  56   2          TH0 = 0x00;
  57   2          TL0 = 0x00;
  58   2          TR0 = 1;
  59   2           while(!TF0){}
  60   2          TR0 = 0;
  61   2          TF0 = 0;
  62   2        }
  63   1      }
  64          
  65          void main(){
  66   1      
  67   1        while(1){
  68   2          P2 = ~ P2;
  69   2          delay2(1000);
  70   2        }
  71   1      }


MODULE INFORMATION:   STATIC OVERLAYABLE
   CODE SIZE        =    134    ----
   CONSTANT SIZE    =   ----    ----
   XDATA SIZE       =   ----    ----
   PDATA SIZE       =   ----    ----
   DATA SIZE        =   ----    ----
   IDATA SIZE       =   ----    ----
   BIT SIZE         =   ----    ----
END OF MODULE INFORMATION.


C51 COMPILATION COMPLETE.  0 WARNING(S),  0 ERROR(S)
