C51 COMPILER V9.52.0.0   TIMER1CHEDO1TRE3GIAY5GIAY                                         03/18/2022 08:15:52 PAGE 1   


C51 COMPILER V9.52.0.0, COMPILATION OF MODULE TIMER1CHEDO1TRE3GIAY5GIAY
OBJECT MODULE PLACED IN timer1Chedo1Tre3Giay5Giay.OBJ
COMPILER INVOKED BY: C:\Keil\C51\BIN\C51.EXE timer1Chedo1Tre3Giay5Giay.c BROWSE DEBUG OBJECTEXTEND TABS(2)

line level    source

   1          //tao tre dung timer 1 che do 1 trong thoi gian 3s 5s
   2          //power by le minh huu 18/3/2022
   3          #include <REGX52.H>
   4          
   5          //=============================
   6          //TIMER 1 CHE DO 1 TXAL 12MHZ
   7          void delay_T1_1s_12mhz(unsigned int time){
   8   1        while(time--){
   9   2          TMOD =0x10; //timer 1 che do 1
  10   2          TH1 = 0xfc; // tao thoi gian tre 1ms
  11   2          TL1 = 0x18;
  12   2          TR1 = 1;
  13   2          while(!TF1){}
  14   2          TR1 = 0;
  15   2          TF1 = 0;
  16   2        }
  17   1      }
  18          
  19          //================================
  20          //TIMER 1 CHE DO 1 TXAL 20MHZ, T = 0.6
  21          //1ms = 1000 us, 1000/ 0.6 = 1666. --> 65 536 - 1666 = 63 870 --> 9f7e
  22          void delay_T1_1s_20mhz(unsigned int time){
  23   1        while(time--){
  24   2          TMOD = 0x10;  //timer 1 che do 1
  25   2          TH1 = 0x9f; //tao thoi gian tre trong 1ms
  26   2          TL1 = 0x7e;
  27   2          TR1 = 1;
  28   2          while(!TF1){}
  29   2          TR1 = 0;
  30   2          TF1 = 0;
  31   2        }
  32   1      }
  33          
  34          //================================
  35          //TIMER 1 CHE DO 1 TXAL 11.0592MHZ
  36          //1ms = 1000 us, 1000/ 1.085 = 921. --> 65 536 - 921 = 64 615 --> fc67
  37          void delay_T1_1s_11mhz(unsigned int time){
  38   1        while(time--){
  39   2          TMOD = 0x10;  //timer 1 che do 1
  40   2          TH1 = 0xfc; //tao thoi gian tre trong 1ms
  41   2          TL1 = 0x67;
  42   2          TR1 = 1;
  43   2          while(!TF1){}
  44   2          TR1 = 0;
  45   2          TF1 = 0;
  46   2        }
  47   1      }
  48          
  49          void main(){
  50   1        while(1){
  51   2          P2 = 0xfc;
  52   2          delay_T1_1s_12mhz(3000); //tre 3s
  53   2          P2 = 1;
  54   2          delay_T1_1s_12mhz(3000); //tre 3s
  55   2        }
C51 COMPILER V9.52.0.0   TIMER1CHEDO1TRE3GIAY5GIAY                                         03/18/2022 08:15:52 PAGE 2   

  56   1      }


MODULE INFORMATION:   STATIC OVERLAYABLE
   CODE SIZE        =    115    ----
   CONSTANT SIZE    =   ----    ----
   XDATA SIZE       =   ----    ----
   PDATA SIZE       =   ----    ----
   DATA SIZE        =   ----    ----
   IDATA SIZE       =   ----    ----
   BIT SIZE         =   ----    ----
END OF MODULE INFORMATION.


C51 COMPILATION COMPLETE.  0 WARNING(S),  0 ERROR(S)
