C51 COMPILER V9.52.0.0   TIMER0CHEDO1TRE3GIAY5GIAY                                         03/18/2022 08:12:13 PAGE 1   


C51 COMPILER V9.52.0.0, COMPILATION OF MODULE TIMER0CHEDO1TRE3GIAY5GIAY
OBJECT MODULE PLACED IN timer0Chedo1Tre3Giay5Giay.OBJ
COMPILER INVOKED BY: C:\Keil\C51\BIN\C51.EXE timer0Chedo1Tre3Giay5Giay.c BROWSE DEBUG OBJECTEXTEND TABS(2)

line level    source

   1          //lap trinh tre 3 giay 5 giay dung timer 0 che do 1 dung thach anh 12 20 11.0592
   2          //power by le minh huu 18/3/2022
   3          #include <REGX52.H>
   4          
   5          //================================
   6          //TIMER 0 CHE DO 1 TXAL 12MHZ
   7          void delay_T0_1s_12mhz(unsigned int time){
   8   1        while(time--){
   9   2          TMOD = 0x01;  //timer 0 che do 1
  10   2          TH0 = 0xfc; //tao thoi gian tre trong 1ms
  11   2          TL0 = 0x18;
  12   2          TR0 = 1;
  13   2          while(!TF0){}
  14   2          TR0 = 0;
  15   2          TF0 = 0;
  16   2        }
  17   1      }
  18          //================================
  19          //TIMER 0 CHE DO 1 TXAL 20MHZ, T = 0.6
  20          //1ms = 1000 us, 1000/ 0.6 = 1666. --> 65 536 - 1666 = 63 870 --> 9f7e
  21          void delay_T0_1s_20mhz(unsigned int time){
  22   1        while(time--){
  23   2          TMOD = 0x01;  //timer 0 che do 1
  24   2          TH0 = 0x9f; //tao thoi gian tre trong 1ms
  25   2          TL0 = 0x7e;
  26   2          TR0 = 1;
  27   2          while(!TF0){}
  28   2          TR0 = 0;
  29   2          TF0 = 0;
  30   2        }
  31   1      }
  32          
  33          //================================
  34          //TIMER 0 CHE DO 1 TXAL 11.0592MHZ
  35          //1ms = 1000 us, 1000/ 1.085 = 921. --> 65 536 - 921 = 64 615 --> fc67
  36          void delay_T0_1s_11mhz(unsigned int time){
  37   1        while(time--){
  38   2          TMOD = 0x01;  //timer 0 che do 1
  39   2          TH0 = 0xfc; //tao thoi gian tre trong 1ms
  40   2          TL0 = 0x67;
  41   2          TR0 = 1;
  42   2          while(!TF0){}
  43   2          TR0 = 0;
  44   2          TF0 = 0;
  45   2        }
  46   1      }
  47          void main(){
  48   1        while(1){
  49   2          P2 = 0xff;
  50   2          delay_T0_1s_11mhz(3000);  //delay 3s
  51   2          P2 = 0;
  52   2          delay_T0_1s_11mhz(5000);  //delay 5s
  53   2        }
  54   1      }

C51 COMPILER V9.52.0.0   TIMER0CHEDO1TRE3GIAY5GIAY                                         03/18/2022 08:12:13 PAGE 2   


MODULE INFORMATION:   STATIC OVERLAYABLE
   CODE SIZE        =    115    ----
   CONSTANT SIZE    =   ----    ----
   XDATA SIZE       =   ----    ----
   PDATA SIZE       =   ----    ----
   DATA SIZE        =   ----    ----
   IDATA SIZE       =   ----    ----
   BIT SIZE         =   ----    ----
END OF MODULE INFORMATION.


C51 COMPILATION COMPLETE.  0 WARNING(S),  0 ERROR(S)
